INFO - 2024-06-07 02:13:31 --> REDIRECTED ROUTE at http://localhost:8080/admin/home_admin
INFO - 2024-06-07 02:13:53 --> Session: Class initialized using 'CodeIgniter\Session\Handlers\FileHandler' driver.
INFO - 2024-06-07 02:16:28 --> Session: Class initialized using 'CodeIgniter\Session\Handlers\FileHandler' driver.
INFO - 2024-06-07 02:36:29 --> Session: Class initialized using 'CodeIgniter\Session\Handlers\FileHandler' driver.
CRITICAL - 2024-06-07 02:37:41 --> CodeIgniter\View\Exceptions\ViewException: Invalid file: "admin/addPelanggan.php"
[Method: GET, Route: admin/add_pelanggan]
in SYSTEMPATH\Exceptions\FrameworkException.php on line 41.
 1 SYSTEMPATH\View\View.php(222): CodeIgniter\Exceptions\FrameworkException::forInvalidFile('admin/addPelanggan.php')
 2 SYSTEMPATH\Common.php(1171): CodeIgniter\View\View->render('admin/addPelanggan', [], true)
 3 APPPATH\Controllers\Admin.php(87): view('admin/addPelanggan')
 4 SYSTEMPATH\CodeIgniter.php(933): App\Controllers\Admin->create_pelanggan()
 5 SYSTEMPATH\CodeIgniter.php(509): CodeIgniter\CodeIgniter->runController(Object(App\Controllers\Admin))
 6 SYSTEMPATH\CodeIgniter.php(355): CodeIgniter\CodeIgniter->handleRequest(null, Object(Config\Cache), false)
 7 SYSTEMPATH\Boot.php(312): CodeIgniter\CodeIgniter->run()
 8 SYSTEMPATH\Boot.php(67): CodeIgniter\Boot::runCodeIgniter(Object(CodeIgniter\CodeIgniter))
 9 FCPATH\index.php(56): CodeIgniter\Boot::bootWeb(Object(Config\Paths))
10 SYSTEMPATH\Commands\Server\rewrite.php(49): require_once('C:\\Users\\user\\OneDrive\\Documents\\skripsiiiiiiiiiiiiiii\\retribusi-sampah-master\\public\\index.php')
INFO - 2024-06-07 02:39:04 --> Session: Class initialized using 'CodeIgniter\Session\Handlers\FileHandler' driver.
CRITICAL - 2024-06-07 02:39:06 --> CodeIgniter\View\Exceptions\ViewException: Invalid file: "admin/addPelanggan.php"
[Method: GET, Route: admin/add_pelanggan]
in SYSTEMPATH\Exceptions\FrameworkException.php on line 41.
 1 SYSTEMPATH\View\View.php(222): CodeIgniter\Exceptions\FrameworkException::forInvalidFile('admin/addPelanggan.php')
 2 SYSTEMPATH\Common.php(1171): CodeIgniter\View\View->render('admin/addPelanggan', [], true)
 3 APPPATH\Controllers\Admin.php(87): view('admin/addPelanggan')
 4 SYSTEMPATH\CodeIgniter.php(933): App\Controllers\Admin->create_pelanggan()
 5 SYSTEMPATH\CodeIgniter.php(509): CodeIgniter\CodeIgniter->runController(Object(App\Controllers\Admin))
 6 SYSTEMPATH\CodeIgniter.php(355): CodeIgniter\CodeIgniter->handleRequest(null, Object(Config\Cache), false)
 7 SYSTEMPATH\Boot.php(312): CodeIgniter\CodeIgniter->run()
 8 SYSTEMPATH\Boot.php(67): CodeIgniter\Boot::runCodeIgniter(Object(CodeIgniter\CodeIgniter))
 9 FCPATH\index.php(56): CodeIgniter\Boot::bootWeb(Object(Config\Paths))
10 SYSTEMPATH\Commands\Server\rewrite.php(49): require_once('C:\\Users\\user\\OneDrive\\Documents\\skripsiiiiiiiiiiiiiii\\retribusi-sampah-master\\public\\index.php')
INFO - 2024-06-07 02:40:02 --> Session: Class initialized using 'CodeIgniter\Session\Handlers\FileHandler' driver.
INFO - 2024-06-07 02:40:06 --> Session: Class initialized using 'CodeIgniter\Session\Handlers\FileHandler' driver.
CRITICAL - 2024-06-07 02:40:10 --> CodeIgniter\View\Exceptions\ViewException: Invalid file: "admin/addPelanggan.php"
[Method: GET, Route: admin/add_pelanggan]
in SYSTEMPATH\Exceptions\FrameworkException.php on line 41.
 1 SYSTEMPATH\View\View.php(222): CodeIgniter\Exceptions\FrameworkException::forInvalidFile('admin/addPelanggan.php')
 2 SYSTEMPATH\Common.php(1171): CodeIgniter\View\View->render('admin/addPelanggan', [], true)
 3 APPPATH\Controllers\Admin.php(87): view('admin/addPelanggan')
 4 SYSTEMPATH\CodeIgniter.php(933): App\Controllers\Admin->create_pelanggan()
 5 SYSTEMPATH\CodeIgniter.php(509): CodeIgniter\CodeIgniter->runController(Object(App\Controllers\Admin))
 6 SYSTEMPATH\CodeIgniter.php(355): CodeIgniter\CodeIgniter->handleRequest(null, Object(Config\Cache), false)
 7 SYSTEMPATH\Boot.php(312): CodeIgniter\CodeIgniter->run()
 8 SYSTEMPATH\Boot.php(67): CodeIgniter\Boot::runCodeIgniter(Object(CodeIgniter\CodeIgniter))
 9 FCPATH\index.php(56): CodeIgniter\Boot::bootWeb(Object(Config\Paths))
10 SYSTEMPATH\Commands\Server\rewrite.php(49): require_once('C:\\Users\\user\\OneDrive\\Documents\\skripsiiiiiiiiiiiiiii\\retribusi-sampah-master\\public\\index.php')
INFO - 2024-06-07 02:41:35 --> Session: Class initialized using 'CodeIgniter\Session\Handlers\FileHandler' driver.
INFO - 2024-06-07 02:41:55 --> Session: Class initialized using 'CodeIgniter\Session\Handlers\FileHandler' driver.
INFO - 2024-06-07 02:42:05 --> Session: Class initialized using 'CodeIgniter\Session\Handlers\FileHandler' driver.
INFO - 2024-06-07 02:42:09 --> Session: Class initialized using 'CodeIgniter\Session\Handlers\FileHandler' driver.
INFO - 2024-06-07 02:42:32 --> Session: Class initialized using 'CodeIgniter\Session\Handlers\FileHandler' driver.
INFO - 2024-06-07 02:44:29 --> Session: Class initialized using 'CodeIgniter\Session\Handlers\FileHandler' driver.
INFO - 2024-06-07 02:45:03 --> Session: Class initialized using 'CodeIgniter\Session\Handlers\FileHandler' driver.
INFO - 2024-06-07 02:45:08 --> Session: Class initialized using 'CodeIgniter\Session\Handlers\FileHandler' driver.
INFO - 2024-06-07 02:45:32 --> Session: Class initialized using 'CodeIgniter\Session\Handlers\FileHandler' driver.
INFO - 2024-06-07 02:45:32 --> Session: Class initialized using 'CodeIgniter\Session\Handlers\FileHandler' driver.
INFO - 2024-06-07 02:47:15 --> Session: Class initialized using 'CodeIgniter\Session\Handlers\FileHandler' driver.
INFO - 2024-06-07 02:47:24 --> Session: Class initialized using 'CodeIgniter\Session\Handlers\FileHandler' driver.
INFO - 2024-06-07 02:49:03 --> Session: Class initialized using 'CodeIgniter\Session\Handlers\FileHandler' driver.
INFO - 2024-06-07 02:49:20 --> Session: Class initialized using 'CodeIgniter\Session\Handlers\FileHandler' driver.
INFO - 2024-06-07 02:49:54 --> Session: Class initialized using 'CodeIgniter\Session\Handlers\FileHandler' driver.
INFO - 2024-06-07 02:52:23 --> Session: Class initialized using 'CodeIgniter\Session\Handlers\FileHandler' driver.
INFO - 2024-06-07 03:05:47 --> Session: Class initialized using 'CodeIgniter\Session\Handlers\FileHandler' driver.
INFO - 2024-06-07 03:05:48 --> Session: Class initialized using 'CodeIgniter\Session\Handlers\FileHandler' driver.
INFO - 2024-06-07 03:05:58 --> Session: Class initialized using 'CodeIgniter\Session\Handlers\FileHandler' driver.
INFO - 2024-06-07 03:06:07 --> Session: Class initialized using 'CodeIgniter\Session\Handlers\FileHandler' driver.
INFO - 2024-06-07 03:06:20 --> Session: Class initialized using 'CodeIgniter\Session\Handlers\FileHandler' driver.
INFO - 2024-06-07 03:06:30 --> Session: Class initialized using 'CodeIgniter\Session\Handlers\FileHandler' driver.
INFO - 2024-06-07 03:08:13 --> Session: Class initialized using 'CodeIgniter\Session\Handlers\FileHandler' driver.
INFO - 2024-06-07 03:11:59 --> Session: Class initialized using 'CodeIgniter\Session\Handlers\FileHandler' driver.
CRITICAL - 2024-06-07 03:12:01 --> ErrorException: Undefined variable $kategori
[Method: GET, Route: admin/edit_pelanggan/1]
in APPPATH\Views\admin\edit_pelanggan.php on line 26.
 1 APPPATH\Views\admin\edit_pelanggan.php(26): CodeIgniter\Debug\Exceptions->errorHandler(2, 'Undefined variable $kategori', 'C:\\Users\\user\\OneDrive\\Documents\\skripsiiiiiiiiiiiiiii\\retribusi-sampah-master\\app\\Views\\admin\\edit_pelanggan.php', 26)
 2 SYSTEMPATH\View\View.php(234): include('C:\\Users\\user\\OneDrive\\Documents\\skripsiiiiiiiiiiiiiii\\retribusi-sampah-master\\app\\Views\\admin\\edit_pelanggan.php')
 3 SYSTEMPATH\View\View.php(237): CodeIgniter\View\View->CodeIgniter\View\{closure}()
 4 SYSTEMPATH\Common.php(1171): CodeIgniter\View\View->render('admin/edit_pelanggan', [], true)
 5 APPPATH\Controllers\Admin.php(108): view('admin/edit_pelanggan', [...])
 6 SYSTEMPATH\CodeIgniter.php(933): App\Controllers\Admin->edit_pelanggan('1')
 7 SYSTEMPATH\CodeIgniter.php(509): CodeIgniter\CodeIgniter->runController(Object(App\Controllers\Admin))
 8 SYSTEMPATH\CodeIgniter.php(355): CodeIgniter\CodeIgniter->handleRequest(null, Object(Config\Cache), false)
 9 SYSTEMPATH\Boot.php(312): CodeIgniter\CodeIgniter->run()
10 SYSTEMPATH\Boot.php(67): CodeIgniter\Boot::runCodeIgniter(Object(CodeIgniter\CodeIgniter))
11 FCPATH\index.php(56): CodeIgniter\Boot::bootWeb(Object(Config\Paths))
12 SYSTEMPATH\Commands\Server\rewrite.php(49): require_once('C:\\Users\\user\\OneDrive\\Documents\\skripsiiiiiiiiiiiiiii\\retribusi-sampah-master\\public\\index.php')
INFO - 2024-06-07 03:13:23 --> Session: Class initialized using 'CodeIgniter\Session\Handlers\FileHandler' driver.
CRITICAL - 2024-06-07 03:13:26 --> ErrorException: Undefined variable $kategori
[Method: GET, Route: admin/edit_pelanggan/1]
in APPPATH\Views\admin\edit_pelanggan.php on line 26.
 1 APPPATH\Views\admin\edit_pelanggan.php(26): CodeIgniter\Debug\Exceptions->errorHandler(2, 'Undefined variable $kategori', 'C:\\Users\\user\\OneDrive\\Documents\\skripsiiiiiiiiiiiiiii\\retribusi-sampah-master\\app\\Views\\admin\\edit_pelanggan.php', 26)
 2 SYSTEMPATH\View\View.php(234): include('C:\\Users\\user\\OneDrive\\Documents\\skripsiiiiiiiiiiiiiii\\retribusi-sampah-master\\app\\Views\\admin\\edit_pelanggan.php')
 3 SYSTEMPATH\View\View.php(237): CodeIgniter\View\View->CodeIgniter\View\{closure}()
 4 SYSTEMPATH\Common.php(1171): CodeIgniter\View\View->render('admin/edit_pelanggan', [], true)
 5 APPPATH\Controllers\Admin.php(108): view('admin/edit_pelanggan', [...])
 6 SYSTEMPATH\CodeIgniter.php(933): App\Controllers\Admin->edit_pelanggan('1')
 7 SYSTEMPATH\CodeIgniter.php(509): CodeIgniter\CodeIgniter->runController(Object(App\Controllers\Admin))
 8 SYSTEMPATH\CodeIgniter.php(355): CodeIgniter\CodeIgniter->handleRequest(null, Object(Config\Cache), false)
 9 SYSTEMPATH\Boot.php(312): CodeIgniter\CodeIgniter->run()
10 SYSTEMPATH\Boot.php(67): CodeIgniter\Boot::runCodeIgniter(Object(CodeIgniter\CodeIgniter))
11 FCPATH\index.php(56): CodeIgniter\Boot::bootWeb(Object(Config\Paths))
12 SYSTEMPATH\Commands\Server\rewrite.php(49): require_once('C:\\Users\\user\\OneDrive\\Documents\\skripsiiiiiiiiiiiiiii\\retribusi-sampah-master\\public\\index.php')
INFO - 2024-06-07 03:16:05 --> Session: Class initialized using 'CodeIgniter\Session\Handlers\FileHandler' driver.
CRITICAL - 2024-06-07 03:16:07 --> ErrorException: Undefined property: stdClass::$nama_pelanggan
[Method: GET, Route: admin/edit_pelanggan/1]
in APPPATH\Views\admin\edit_pelanggan.php on line 26.
 1 APPPATH\Views\admin\edit_pelanggan.php(26): CodeIgniter\Debug\Exceptions->errorHandler(2, 'Undefined property: stdClass::$nama_pelanggan', 'C:\\Users\\user\\OneDrive\\Documents\\skripsiiiiiiiiiiiiiii\\retribusi-sampah-master\\app\\Views\\admin\\edit_pelanggan.php', 26)
 2 SYSTEMPATH\View\View.php(234): include('C:\\Users\\user\\OneDrive\\Documents\\skripsiiiiiiiiiiiiiii\\retribusi-sampah-master\\app\\Views\\admin\\edit_pelanggan.php')
 3 SYSTEMPATH\View\View.php(237): CodeIgniter\View\View->CodeIgniter\View\{closure}()
 4 SYSTEMPATH\Common.php(1171): CodeIgniter\View\View->render('admin/edit_pelanggan', [], true)
 5 APPPATH\Controllers\Admin.php(108): view('admin/edit_pelanggan', [...])
 6 SYSTEMPATH\CodeIgniter.php(933): App\Controllers\Admin->edit_pelanggan('1')
 7 SYSTEMPATH\CodeIgniter.php(509): CodeIgniter\CodeIgniter->runController(Object(App\Controllers\Admin))
 8 SYSTEMPATH\CodeIgniter.php(355): CodeIgniter\CodeIgniter->handleRequest(null, Object(Config\Cache), false)
 9 SYSTEMPATH\Boot.php(312): CodeIgniter\CodeIgniter->run()
10 SYSTEMPATH\Boot.php(67): CodeIgniter\Boot::runCodeIgniter(Object(CodeIgniter\CodeIgniter))
11 FCPATH\index.php(56): CodeIgniter\Boot::bootWeb(Object(Config\Paths))
12 SYSTEMPATH\Commands\Server\rewrite.php(49): require_once('C:\\Users\\user\\OneDrive\\Documents\\skripsiiiiiiiiiiiiiii\\retribusi-sampah-master\\public\\index.php')
INFO - 2024-06-07 03:16:50 --> Session: Class initialized using 'CodeIgniter\Session\Handlers\FileHandler' driver.
CRITICAL - 2024-06-07 03:16:51 --> ErrorException: Undefined property: stdClass::$nama_pelanggan
[Method: GET, Route: admin/edit_pelanggan/1]
in APPPATH\Views\admin\edit_pelanggan.php on line 26.
 1 APPPATH\Views\admin\edit_pelanggan.php(26): CodeIgniter\Debug\Exceptions->errorHandler(2, 'Undefined property: stdClass::$nama_pelanggan', 'C:\\Users\\user\\OneDrive\\Documents\\skripsiiiiiiiiiiiiiii\\retribusi-sampah-master\\app\\Views\\admin\\edit_pelanggan.php', 26)
 2 SYSTEMPATH\View\View.php(234): include('C:\\Users\\user\\OneDrive\\Documents\\skripsiiiiiiiiiiiiiii\\retribusi-sampah-master\\app\\Views\\admin\\edit_pelanggan.php')
 3 SYSTEMPATH\View\View.php(237): CodeIgniter\View\View->CodeIgniter\View\{closure}()
 4 SYSTEMPATH\Common.php(1171): CodeIgniter\View\View->render('admin/edit_pelanggan', [], true)
 5 APPPATH\Controllers\Admin.php(108): view('admin/edit_pelanggan', [...])
 6 SYSTEMPATH\CodeIgniter.php(933): App\Controllers\Admin->edit_pelanggan('1')
 7 SYSTEMPATH\CodeIgniter.php(509): CodeIgniter\CodeIgniter->runController(Object(App\Controllers\Admin))
 8 SYSTEMPATH\CodeIgniter.php(355): CodeIgniter\CodeIgniter->handleRequest(null, Object(Config\Cache), false)
 9 SYSTEMPATH\Boot.php(312): CodeIgniter\CodeIgniter->run()
10 SYSTEMPATH\Boot.php(67): CodeIgniter\Boot::runCodeIgniter(Object(CodeIgniter\CodeIgniter))
11 FCPATH\index.php(56): CodeIgniter\Boot::bootWeb(Object(Config\Paths))
12 SYSTEMPATH\Commands\Server\rewrite.php(49): require_once('C:\\Users\\user\\OneDrive\\Documents\\skripsiiiiiiiiiiiiiii\\retribusi-sampah-master\\public\\index.php')
INFO - 2024-06-07 03:17:56 --> Session: Class initialized using 'CodeIgniter\Session\Handlers\FileHandler' driver.
INFO - 2024-06-07 03:17:59 --> Session: Class initialized using 'CodeIgniter\Session\Handlers\FileHandler' driver.
CRITICAL - 2024-06-07 03:18:01 --> ErrorException: Undefined property: stdClass::$desa
[Method: GET, Route: admin/edit_pelanggan/1]
in APPPATH\Views\admin\edit_pelanggan.php on line 30.
 1 APPPATH\Views\admin\edit_pelanggan.php(30): CodeIgniter\Debug\Exceptions->errorHandler(2, 'Undefined property: stdClass::$desa', 'C:\\Users\\user\\OneDrive\\Documents\\skripsiiiiiiiiiiiiiii\\retribusi-sampah-master\\app\\Views\\admin\\edit_pelanggan.php', 30)
 2 SYSTEMPATH\View\View.php(234): include('C:\\Users\\user\\OneDrive\\Documents\\skripsiiiiiiiiiiiiiii\\retribusi-sampah-master\\app\\Views\\admin\\edit_pelanggan.php')
 3 SYSTEMPATH\View\View.php(237): CodeIgniter\View\View->CodeIgniter\View\{closure}()
 4 SYSTEMPATH\Common.php(1171): CodeIgniter\View\View->render('admin/edit_pelanggan', [], true)
 5 APPPATH\Controllers\Admin.php(108): view('admin/edit_pelanggan', [...])
 6 SYSTEMPATH\CodeIgniter.php(933): App\Controllers\Admin->edit_pelanggan('1')
 7 SYSTEMPATH\CodeIgniter.php(509): CodeIgniter\CodeIgniter->runController(Object(App\Controllers\Admin))
 8 SYSTEMPATH\CodeIgniter.php(355): CodeIgniter\CodeIgniter->handleRequest(null, Object(Config\Cache), false)
 9 SYSTEMPATH\Boot.php(312): CodeIgniter\CodeIgniter->run()
10 SYSTEMPATH\Boot.php(67): CodeIgniter\Boot::runCodeIgniter(Object(CodeIgniter\CodeIgniter))
11 FCPATH\index.php(56): CodeIgniter\Boot::bootWeb(Object(Config\Paths))
12 SYSTEMPATH\Commands\Server\rewrite.php(49): require_once('C:\\Users\\user\\OneDrive\\Documents\\skripsiiiiiiiiiiiiiii\\retribusi-sampah-master\\public\\index.php')
INFO - 2024-06-07 03:19:04 --> Session: Class initialized using 'CodeIgniter\Session\Handlers\FileHandler' driver.
INFO - 2024-06-07 03:19:38 --> Session: Class initialized using 'CodeIgniter\Session\Handlers\FileHandler' driver.
INFO - 2024-06-07 03:21:55 --> Session: Class initialized using 'CodeIgniter\Session\Handlers\FileHandler' driver.
INFO - 2024-06-07 03:32:01 --> Session: Class initialized using 'CodeIgniter\Session\Handlers\FileHandler' driver.
CRITICAL - 2024-06-07 03:32:08 --> ErrorException: Undefined property: stdClass::$nama_pelanggan
[Method: GET, Route: admin/edit_pelanggan/1]
in APPPATH\Views\admin\edit_pelanggan.php on line 26.
 1 APPPATH\Views\admin\edit_pelanggan.php(26): CodeIgniter\Debug\Exceptions->errorHandler(2, 'Undefined property: stdClass::$nama_pelanggan', 'C:\\Users\\user\\OneDrive\\Documents\\skripsiiiiiiiiiiiiiii\\retribusi-sampah-master\\app\\Views\\admin\\edit_pelanggan.php', 26)
 2 SYSTEMPATH\View\View.php(234): include('C:\\Users\\user\\OneDrive\\Documents\\skripsiiiiiiiiiiiiiii\\retribusi-sampah-master\\app\\Views\\admin\\edit_pelanggan.php')
 3 SYSTEMPATH\View\View.php(237): CodeIgniter\View\View->CodeIgniter\View\{closure}()
 4 SYSTEMPATH\Common.php(1171): CodeIgniter\View\View->render('admin/edit_pelanggan', [], true)
 5 APPPATH\Controllers\Admin.php(108): view('admin/edit_pelanggan', [...])
 6 SYSTEMPATH\CodeIgniter.php(933): App\Controllers\Admin->edit_pelanggan('1')
 7 SYSTEMPATH\CodeIgniter.php(509): CodeIgniter\CodeIgniter->runController(Object(App\Controllers\Admin))
 8 SYSTEMPATH\CodeIgniter.php(355): CodeIgniter\CodeIgniter->handleRequest(null, Object(Config\Cache), false)
 9 SYSTEMPATH\Boot.php(312): CodeIgniter\CodeIgniter->run()
10 SYSTEMPATH\Boot.php(67): CodeIgniter\Boot::runCodeIgniter(Object(CodeIgniter\CodeIgniter))
11 FCPATH\index.php(56): CodeIgniter\Boot::bootWeb(Object(Config\Paths))
12 SYSTEMPATH\Commands\Server\rewrite.php(49): require_once('C:\\Users\\user\\OneDrive\\Documents\\skripsiiiiiiiiiiiiiii\\retribusi-sampah-master\\public\\index.php')
INFO - 2024-06-07 03:34:17 --> Session: Class initialized using 'CodeIgniter\Session\Handlers\FileHandler' driver.
INFO - 2024-06-07 03:34:21 --> Session: Class initialized using 'CodeIgniter\Session\Handlers\FileHandler' driver.
CRITICAL - 2024-06-07 03:34:24 --> ErrorException: Undefined property: stdClass::$sub_kategori
[Method: GET, Route: admin/edit_kategori/1]
in APPPATH\Views\admin\edit_kategori.php on line 34.
 1 APPPATH\Views\admin\edit_kategori.php(34): CodeIgniter\Debug\Exceptions->errorHandler(2, 'Undefined property: stdClass::$sub_kategori', 'C:\\Users\\user\\OneDrive\\Documents\\skripsiiiiiiiiiiiiiii\\retribusi-sampah-master\\app\\Views\\admin\\edit_kategori.php', 34)
 2 SYSTEMPATH\View\View.php(234): include('C:\\Users\\user\\OneDrive\\Documents\\skripsiiiiiiiiiiiiiii\\retribusi-sampah-master\\app\\Views\\admin\\edit_kategori.php')
 3 SYSTEMPATH\View\View.php(237): CodeIgniter\View\View->CodeIgniter\View\{closure}()
 4 SYSTEMPATH\Common.php(1171): CodeIgniter\View\View->render('admin/edit_kategori', [], true)
 5 APPPATH\Controllers\Admin.php(52): view('admin/edit_kategori', [...])
 6 SYSTEMPATH\CodeIgniter.php(933): App\Controllers\Admin->edit('1')
 7 SYSTEMPATH\CodeIgniter.php(509): CodeIgniter\CodeIgniter->runController(Object(App\Controllers\Admin))
 8 SYSTEMPATH\CodeIgniter.php(355): CodeIgniter\CodeIgniter->handleRequest(null, Object(Config\Cache), false)
 9 SYSTEMPATH\Boot.php(312): CodeIgniter\CodeIgniter->run()
10 SYSTEMPATH\Boot.php(67): CodeIgniter\Boot::runCodeIgniter(Object(CodeIgniter\CodeIgniter))
11 FCPATH\index.php(56): CodeIgniter\Boot::bootWeb(Object(Config\Paths))
12 SYSTEMPATH\Commands\Server\rewrite.php(49): require_once('C:\\Users\\user\\OneDrive\\Documents\\skripsiiiiiiiiiiiiiii\\retribusi-sampah-master\\public\\index.php')
INFO - 2024-06-07 03:34:32 --> Session: Class initialized using 'CodeIgniter\Session\Handlers\FileHandler' driver.
INFO - 2024-06-07 03:34:54 --> Session: Class initialized using 'CodeIgniter\Session\Handlers\FileHandler' driver.
INFO - 2024-06-07 03:37:49 --> Session: Class initialized using 'CodeIgniter\Session\Handlers\FileHandler' driver.
INFO - 2024-06-07 03:37:56 --> Session: Class initialized using 'CodeIgniter\Session\Handlers\FileHandler' driver.
CRITICAL - 2024-06-07 03:38:03 --> ErrorException: Undefined property: stdClass::$nama_pelanggan
[Method: GET, Route: admin/edit_pelanggan/1]
in APPPATH\Views\admin\edit_pelanggan.php on line 26.
 1 APPPATH\Views\admin\edit_pelanggan.php(26): CodeIgniter\Debug\Exceptions->errorHandler(2, 'Undefined property: stdClass::$nama_pelanggan', 'C:\\Users\\user\\OneDrive\\Documents\\skripsiiiiiiiiiiiiiii\\retribusi-sampah-master\\app\\Views\\admin\\edit_pelanggan.php', 26)
 2 SYSTEMPATH\View\View.php(234): include('C:\\Users\\user\\OneDrive\\Documents\\skripsiiiiiiiiiiiiiii\\retribusi-sampah-master\\app\\Views\\admin\\edit_pelanggan.php')
 3 SYSTEMPATH\View\View.php(237): CodeIgniter\View\View->CodeIgniter\View\{closure}()
 4 SYSTEMPATH\Common.php(1171): CodeIgniter\View\View->render('admin/edit_pelanggan', [], true)
 5 APPPATH\Controllers\Admin.php(108): view('admin/edit_pelanggan', [...])
 6 SYSTEMPATH\CodeIgniter.php(933): App\Controllers\Admin->edit_pelanggan('1')
 7 SYSTEMPATH\CodeIgniter.php(509): CodeIgniter\CodeIgniter->runController(Object(App\Controllers\Admin))
 8 SYSTEMPATH\CodeIgniter.php(355): CodeIgniter\CodeIgniter->handleRequest(null, Object(Config\Cache), false)
 9 SYSTEMPATH\Boot.php(312): CodeIgniter\CodeIgniter->run()
10 SYSTEMPATH\Boot.php(67): CodeIgniter\Boot::runCodeIgniter(Object(CodeIgniter\CodeIgniter))
11 FCPATH\index.php(56): CodeIgniter\Boot::bootWeb(Object(Config\Paths))
12 SYSTEMPATH\Commands\Server\rewrite.php(49): require_once('C:\\Users\\user\\OneDrive\\Documents\\skripsiiiiiiiiiiiiiii\\retribusi-sampah-master\\public\\index.php')
CRITICAL - 2024-06-07 03:39:09 --> ErrorException: Undefined property: stdClass::$nama_pelanggan
[Method: GET, Route: admin/edit_pelanggan/1]
in APPPATH\Views\admin\edit_pelanggan.php on line 26.
 1 APPPATH\Views\admin\edit_pelanggan.php(26): CodeIgniter\Debug\Exceptions->errorHandler(2, 'Undefined property: stdClass::$nama_pelanggan', 'C:\\Users\\user\\OneDrive\\Documents\\skripsiiiiiiiiiiiiiii\\retribusi-sampah-master\\app\\Views\\admin\\edit_pelanggan.php', 26)
 2 SYSTEMPATH\View\View.php(234): include('C:\\Users\\user\\OneDrive\\Documents\\skripsiiiiiiiiiiiiiii\\retribusi-sampah-master\\app\\Views\\admin\\edit_pelanggan.php')
 3 SYSTEMPATH\View\View.php(237): CodeIgniter\View\View->CodeIgniter\View\{closure}()
 4 SYSTEMPATH\Common.php(1171): CodeIgniter\View\View->render('admin/edit_pelanggan', [], true)
 5 APPPATH\Controllers\Admin.php(108): view('admin/edit_pelanggan', [...])
 6 SYSTEMPATH\CodeIgniter.php(933): App\Controllers\Admin->edit_pelanggan('1')
 7 SYSTEMPATH\CodeIgniter.php(509): CodeIgniter\CodeIgniter->runController(Object(App\Controllers\Admin))
 8 SYSTEMPATH\CodeIgniter.php(355): CodeIgniter\CodeIgniter->handleRequest(null, Object(Config\Cache), false)
 9 SYSTEMPATH\Boot.php(312): CodeIgniter\CodeIgniter->run()
10 SYSTEMPATH\Boot.php(67): CodeIgniter\Boot::runCodeIgniter(Object(CodeIgniter\CodeIgniter))
11 FCPATH\index.php(56): CodeIgniter\Boot::bootWeb(Object(Config\Paths))
12 SYSTEMPATH\Commands\Server\rewrite.php(49): require_once('C:\\Users\\user\\OneDrive\\Documents\\skripsiiiiiiiiiiiiiii\\retribusi-sampah-master\\public\\index.php')
INFO - 2024-06-07 03:47:36 --> Session: Class initialized using 'CodeIgniter\Session\Handlers\FileHandler' driver.
CRITICAL - 2024-06-07 03:47:39 --> ErrorException: Undefined property: stdClass::$nama_pelanggan
[Method: GET, Route: admin/edit_pelanggan/1]
in APPPATH\Views\admin\edit_pelanggan.php on line 26.
 1 APPPATH\Views\admin\edit_pelanggan.php(26): CodeIgniter\Debug\Exceptions->errorHandler(2, 'Undefined property: stdClass::$nama_pelanggan', 'C:\\Users\\user\\OneDrive\\Documents\\skripsiiiiiiiiiiiiiii\\retribusi-sampah-master\\app\\Views\\admin\\edit_pelanggan.php', 26)
 2 SYSTEMPATH\View\View.php(234): include('C:\\Users\\user\\OneDrive\\Documents\\skripsiiiiiiiiiiiiiii\\retribusi-sampah-master\\app\\Views\\admin\\edit_pelanggan.php')
 3 SYSTEMPATH\View\View.php(237): CodeIgniter\View\View->CodeIgniter\View\{closure}()
 4 SYSTEMPATH\Common.php(1171): CodeIgniter\View\View->render('admin/edit_pelanggan', [], true)
 5 APPPATH\Controllers\Admin.php(108): view('admin/edit_pelanggan', [...])
 6 SYSTEMPATH\CodeIgniter.php(933): App\Controllers\Admin->edit_pelanggan('1')
 7 SYSTEMPATH\CodeIgniter.php(509): CodeIgniter\CodeIgniter->runController(Object(App\Controllers\Admin))
 8 SYSTEMPATH\CodeIgniter.php(355): CodeIgniter\CodeIgniter->handleRequest(null, Object(Config\Cache), false)
 9 SYSTEMPATH\Boot.php(312): CodeIgniter\CodeIgniter->run()
10 SYSTEMPATH\Boot.php(67): CodeIgniter\Boot::runCodeIgniter(Object(CodeIgniter\CodeIgniter))
11 FCPATH\index.php(56): CodeIgniter\Boot::bootWeb(Object(Config\Paths))
12 SYSTEMPATH\Commands\Server\rewrite.php(49): require_once('C:\\Users\\user\\OneDrive\\Documents\\skripsiiiiiiiiiiiiiii\\retribusi-sampah-master\\public\\index.php')
INFO - 2024-06-07 03:48:41 --> Session: Class initialized using 'CodeIgniter\Session\Handlers\FileHandler' driver.
CRITICAL - 2024-06-07 03:48:43 --> ErrorException: Undefined property: stdClass::$nama_pelanggan
[Method: GET, Route: admin/edit_pelanggan/1]
in APPPATH\Views\admin\edit_pelanggan.php on line 26.
 1 APPPATH\Views\admin\edit_pelanggan.php(26): CodeIgniter\Debug\Exceptions->errorHandler(2, 'Undefined property: stdClass::$nama_pelanggan', 'C:\\Users\\user\\OneDrive\\Documents\\skripsiiiiiiiiiiiiiii\\retribusi-sampah-master\\app\\Views\\admin\\edit_pelanggan.php', 26)
 2 SYSTEMPATH\View\View.php(234): include('C:\\Users\\user\\OneDrive\\Documents\\skripsiiiiiiiiiiiiiii\\retribusi-sampah-master\\app\\Views\\admin\\edit_pelanggan.php')
 3 SYSTEMPATH\View\View.php(237): CodeIgniter\View\View->CodeIgniter\View\{closure}()
 4 SYSTEMPATH\Common.php(1171): CodeIgniter\View\View->render('admin/edit_pelanggan', [], true)
 5 APPPATH\Controllers\Admin.php(108): view('admin/edit_pelanggan', [...])
 6 SYSTEMPATH\CodeIgniter.php(933): App\Controllers\Admin->edit_pelanggan('1')
 7 SYSTEMPATH\CodeIgniter.php(509): CodeIgniter\CodeIgniter->runController(Object(App\Controllers\Admin))
 8 SYSTEMPATH\CodeIgniter.php(355): CodeIgniter\CodeIgniter->handleRequest(null, Object(Config\Cache), false)
 9 SYSTEMPATH\Boot.php(312): CodeIgniter\CodeIgniter->run()
10 SYSTEMPATH\Boot.php(67): CodeIgniter\Boot::runCodeIgniter(Object(CodeIgniter\CodeIgniter))
11 FCPATH\index.php(56): CodeIgniter\Boot::bootWeb(Object(Config\Paths))
12 SYSTEMPATH\Commands\Server\rewrite.php(49): require_once('C:\\Users\\user\\OneDrive\\Documents\\skripsiiiiiiiiiiiiiii\\retribusi-sampah-master\\public\\index.php')
INFO - 2024-06-07 03:53:12 --> Session: Class initialized using 'CodeIgniter\Session\Handlers\FileHandler' driver.
ERROR - 2024-06-07 03:54:21 --> mysqli_sql_exception: Unknown column 'nama_pelanggan' in 'field list' in C:\Users\user\OneDrive\Documents\skripsiiiiiiiiiiiiiii\retribusi-sampah-master\vendor\codeigniter4\framework\system\Database\MySQLi\Connection.php:308
Stack trace:
#0 C:\Users\user\OneDrive\Documents\skripsiiiiiiiiiiiiiii\retribusi-sampah-master\vendor\codeigniter4\framework\system\Database\MySQLi\Connection.php(308): mysqli->query('UPDATE `kategor...', 0)
#1 C:\Users\user\OneDrive\Documents\skripsiiiiiiiiiiiiiii\retribusi-sampah-master\vendor\codeigniter4\framework\system\Database\BaseConnection.php(722): CodeIgniter\Database\MySQLi\Connection->execute('UPDATE `kategor...')
#2 C:\Users\user\OneDrive\Documents\skripsiiiiiiiiiiiiiii\retribusi-sampah-master\vendor\codeigniter4\framework\system\Database\BaseConnection.php(636): CodeIgniter\Database\BaseConnection->simpleQuery('UPDATE `kategor...')
#3 C:\Users\user\OneDrive\Documents\skripsiiiiiiiiiiiiiii\retribusi-sampah-master\vendor\codeigniter4\framework\system\Database\BaseBuilder.php(2497): CodeIgniter\Database\BaseConnection->query('UPDATE `kategor...', Array, false)
#4 C:\Users\user\OneDrive\Documents\skripsiiiiiiiiiiiiiii\retribusi-sampah-master\app\Controllers\Admin.php(65): CodeIgniter\Database\BaseBuilder->update(Array)
#5 C:\Users\user\OneDrive\Documents\skripsiiiiiiiiiiiiiii\retribusi-sampah-master\vendor\codeigniter4\framework\system\CodeIgniter.php(933): App\Controllers\Admin->update('_pelanggan1')
#6 C:\Users\user\OneDrive\Documents\skripsiiiiiiiiiiiiiii\retribusi-sampah-master\vendor\codeigniter4\framework\system\CodeIgniter.php(509): CodeIgniter\CodeIgniter->runController(Object(App\Controllers\Admin))
#7 C:\Users\user\OneDrive\Documents\skripsiiiiiiiiiiiiiii\retribusi-sampah-master\vendor\codeigniter4\framework\system\CodeIgniter.php(355): CodeIgniter\CodeIgniter->handleRequest(NULL, Object(Config\Cache), false)
#8 C:\Users\user\OneDrive\Documents\skripsiiiiiiiiiiiiiii\retribusi-sampah-master\vendor\codeigniter4\framework\system\Boot.php(312): CodeIgniter\CodeIgniter->run()
#9 C:\Users\user\OneDrive\Documents\skripsiiiiiiiiiiiiiii\retribusi-sampah-master\vendor\codeigniter4\framework\system\Boot.php(67): CodeIgniter\Boot::runCodeIgniter(Object(CodeIgniter\CodeIgniter))
#10 C:\Users\user\OneDrive\Documents\skripsiiiiiiiiiiiiiii\retribusi-sampah-master\public\index.php(56): CodeIgniter\Boot::bootWeb(Object(Config\Paths))
#11 C:\Users\user\OneDrive\Documents\skripsiiiiiiiiiiiiiii\retribusi-sampah-master\vendor\codeigniter4\framework\system\Commands\Server\rewrite.php(49): require_once('C:\\Users\\user\\O...')
#12 {main}
CRITICAL - 2024-06-07 03:54:21 --> CodeIgniter\Database\Exceptions\DatabaseException: Unknown column 'nama_pelanggan' in 'field list'
[Method: PUT, Route: admin/update_pelanggan1]
in SYSTEMPATH\Database\BaseConnection.php on line 676.
 1 SYSTEMPATH\Database\BaseBuilder.php(2497): CodeIgniter\Database\BaseConnection->query('UPDATE `kategori` SET `nama_pelanggan` = :nama_pelanggan:, `desa` = :desa:, `kecamatan` = :kecamatan:, `kategori` = :kategori:, `sub_kategori` = :sub_kategori:, `tarif_bulanan` = :tarif_bulanan:
WHERE `id` = :id:', [...], false)
 2 APPPATH\Controllers\Admin.php(65): CodeIgniter\Database\BaseBuilder->update([...])
 3 SYSTEMPATH\CodeIgniter.php(933): App\Controllers\Admin->update('_pelanggan1')
 4 SYSTEMPATH\CodeIgniter.php(509): CodeIgniter\CodeIgniter->runController(Object(App\Controllers\Admin))
 5 SYSTEMPATH\CodeIgniter.php(355): CodeIgniter\CodeIgniter->handleRequest(null, Object(Config\Cache), false)
 6 SYSTEMPATH\Boot.php(312): CodeIgniter\CodeIgniter->run()
 7 SYSTEMPATH\Boot.php(67): CodeIgniter\Boot::runCodeIgniter(Object(CodeIgniter\CodeIgniter))
 8 FCPATH\index.php(56): CodeIgniter\Boot::bootWeb(Object(Config\Paths))
 9 SYSTEMPATH\Commands\Server\rewrite.php(49): require_once('C:\\Users\\user\\OneDrive\\Documents\\skripsiiiiiiiiiiiiiii\\retribusi-sampah-master\\public\\index.php')
CRITICAL - 2024-06-07 03:54:21 --> [Caused by] CodeIgniter\Database\Exceptions\DatabaseException: Unknown column 'nama_pelanggan' in 'field list'
in SYSTEMPATH\Database\MySQLi\Connection.php on line 313.
 1 SYSTEMPATH\Database\BaseConnection.php(722): CodeIgniter\Database\MySQLi\Connection->execute('UPDATE `kategori` SET `nama_pelanggan` = \'RM. Al Baroka\', `desa` = \'Boulevard\', `kecamatan` = \'Tondano Barat\', `kategori` = \'Rumah Makan Tidak Tetap\', `sub_kategori` = \'Rumah Makan Tidak Tetap\', `tarif_bulanan` = \'25000\'
WHERE `id` = \'_pelanggan1\'')
 2 SYSTEMPATH\Database\BaseConnection.php(636): CodeIgniter\Database\BaseConnection->simpleQuery('UPDATE `kategori` SET `nama_pelanggan` = \'RM. Al Baroka\', `desa` = \'Boulevard\', `kecamatan` = \'Tondano Barat\', `kategori` = \'Rumah Makan Tidak Tetap\', `sub_kategori` = \'Rumah Makan Tidak Tetap\', `tarif_bulanan` = \'25000\'
WHERE `id` = \'_pelanggan1\'')
 3 SYSTEMPATH\Database\BaseBuilder.php(2497): CodeIgniter\Database\BaseConnection->query('UPDATE `kategori` SET `nama_pelanggan` = :nama_pelanggan:, `desa` = :desa:, `kecamatan` = :kecamatan:, `kategori` = :kategori:, `sub_kategori` = :sub_kategori:, `tarif_bulanan` = :tarif_bulanan:
WHERE `id` = :id:', [...], false)
 4 APPPATH\Controllers\Admin.php(65): CodeIgniter\Database\BaseBuilder->update([...])
 5 SYSTEMPATH\CodeIgniter.php(933): App\Controllers\Admin->update('_pelanggan1')
 6 SYSTEMPATH\CodeIgniter.php(509): CodeIgniter\CodeIgniter->runController(Object(App\Controllers\Admin))
 7 SYSTEMPATH\CodeIgniter.php(355): CodeIgniter\CodeIgniter->handleRequest(null, Object(Config\Cache), false)
 8 SYSTEMPATH\Boot.php(312): CodeIgniter\CodeIgniter->run()
 9 SYSTEMPATH\Boot.php(67): CodeIgniter\Boot::runCodeIgniter(Object(CodeIgniter\CodeIgniter))
10 FCPATH\index.php(56): CodeIgniter\Boot::bootWeb(Object(Config\Paths))
11 SYSTEMPATH\Commands\Server\rewrite.php(49): require_once('C:\\Users\\user\\OneDrive\\Documents\\skripsiiiiiiiiiiiiiii\\retribusi-sampah-master\\public\\index.php')
CRITICAL - 2024-06-07 03:54:21 --> [Caused by] mysqli_sql_exception: Unknown column 'nama_pelanggan' in 'field list'
in SYSTEMPATH\Database\MySQLi\Connection.php on line 308.
 1 SYSTEMPATH\Database\MySQLi\Connection.php(308): mysqli->query('UPDATE `kategori` SET `nama_pelanggan` = \'RM. Al Baroka\', `desa` = \'Boulevard\', `kecamatan` = \'Tondano Barat\', `kategori` = \'Rumah Makan Tidak Tetap\', `sub_kategori` = \'Rumah Makan Tidak Tetap\', `tarif_bulanan` = \'25000\'
WHERE `id` = \'_pelanggan1\'', 0)
 2 SYSTEMPATH\Database\BaseConnection.php(722): CodeIgniter\Database\MySQLi\Connection->execute('UPDATE `kategori` SET `nama_pelanggan` = \'RM. Al Baroka\', `desa` = \'Boulevard\', `kecamatan` = \'Tondano Barat\', `kategori` = \'Rumah Makan Tidak Tetap\', `sub_kategori` = \'Rumah Makan Tidak Tetap\', `tarif_bulanan` = \'25000\'
WHERE `id` = \'_pelanggan1\'')
 3 SYSTEMPATH\Database\BaseConnection.php(636): CodeIgniter\Database\BaseConnection->simpleQuery('UPDATE `kategori` SET `nama_pelanggan` = \'RM. Al Baroka\', `desa` = \'Boulevard\', `kecamatan` = \'Tondano Barat\', `kategori` = \'Rumah Makan Tidak Tetap\', `sub_kategori` = \'Rumah Makan Tidak Tetap\', `tarif_bulanan` = \'25000\'
WHERE `id` = \'_pelanggan1\'')
 4 SYSTEMPATH\Database\BaseBuilder.php(2497): CodeIgniter\Database\BaseConnection->query('UPDATE `kategori` SET `nama_pelanggan` = :nama_pelanggan:, `desa` = :desa:, `kecamatan` = :kecamatan:, `kategori` = :kategori:, `sub_kategori` = :sub_kategori:, `tarif_bulanan` = :tarif_bulanan:
WHERE `id` = :id:', [...], false)
 5 APPPATH\Controllers\Admin.php(65): CodeIgniter\Database\BaseBuilder->update([...])
 6 SYSTEMPATH\CodeIgniter.php(933): App\Controllers\Admin->update('_pelanggan1')
 7 SYSTEMPATH\CodeIgniter.php(509): CodeIgniter\CodeIgniter->runController(Object(App\Controllers\Admin))
 8 SYSTEMPATH\CodeIgniter.php(355): CodeIgniter\CodeIgniter->handleRequest(null, Object(Config\Cache), false)
 9 SYSTEMPATH\Boot.php(312): CodeIgniter\CodeIgniter->run()
10 SYSTEMPATH\Boot.php(67): CodeIgniter\Boot::runCodeIgniter(Object(CodeIgniter\CodeIgniter))
11 FCPATH\index.php(56): CodeIgniter\Boot::bootWeb(Object(Config\Paths))
12 SYSTEMPATH\Commands\Server\rewrite.php(49): require_once('C:\\Users\\user\\OneDrive\\Documents\\skripsiiiiiiiiiiiiiii\\retribusi-sampah-master\\public\\index.php')
CRITICAL - 2024-06-07 03:59:56 --> ErrorException: Cannot declare class App\Models\ModelKategori, because the name is already in use
[Method: GET, Route: admin/edit_pelanggan/1]
in APPPATH\Models\ModelPelanggan.php on line 7.
 1 [internal function]: CodeIgniter\Debug\Exceptions->shutdownHandler()
CRITICAL - 2024-06-07 04:00:03 --> ErrorException: Cannot declare class App\Models\ModelKategori, because the name is already in use
[Method: GET, Route: admin/pelanggan]
in APPPATH\Models\ModelPelanggan.php on line 7.
 1 [internal function]: CodeIgniter\Debug\Exceptions->shutdownHandler()
CRITICAL - 2024-06-07 04:00:09 --> ErrorException: Cannot declare class App\Models\ModelKategori, because the name is already in use
[Method: GET, Route: admin/kategori]
in APPPATH\Models\ModelPelanggan.php on line 7.
 1 [internal function]: CodeIgniter\Debug\Exceptions->shutdownHandler()
INFO - 2024-06-07 04:00:34 --> REDIRECTED ROUTE at http://localhost:8080/admin/home_admin
INFO - 2024-06-07 04:00:39 --> Session: Class initialized using 'CodeIgniter\Session\Handlers\FileHandler' driver.
INFO - 2024-06-07 04:00:56 --> Session: Class initialized using 'CodeIgniter\Session\Handlers\FileHandler' driver.
INFO - 2024-06-07 04:00:56 --> Session: Class initialized using 'CodeIgniter\Session\Handlers\FileHandler' driver.
INFO - 2024-06-07 04:01:12 --> Session: Class initialized using 'CodeIgniter\Session\Handlers\FileHandler' driver.
ERROR - 2024-06-07 04:01:59 --> mysqli_sql_exception: Unknown column 'nama_pelanggan' in 'field list' in C:\Users\user\OneDrive\Documents\skripsiiiiiiiiiiiiiii\retribusi-sampah-master\vendor\codeigniter4\framework\system\Database\MySQLi\Connection.php:308
Stack trace:
#0 C:\Users\user\OneDrive\Documents\skripsiiiiiiiiiiiiiii\retribusi-sampah-master\vendor\codeigniter4\framework\system\Database\MySQLi\Connection.php(308): mysqli->query('UPDATE `kategor...', 0)
#1 C:\Users\user\OneDrive\Documents\skripsiiiiiiiiiiiiiii\retribusi-sampah-master\vendor\codeigniter4\framework\system\Database\BaseConnection.php(722): CodeIgniter\Database\MySQLi\Connection->execute('UPDATE `kategor...')
#2 C:\Users\user\OneDrive\Documents\skripsiiiiiiiiiiiiiii\retribusi-sampah-master\vendor\codeigniter4\framework\system\Database\BaseConnection.php(636): CodeIgniter\Database\BaseConnection->simpleQuery('UPDATE `kategor...')
#3 C:\Users\user\OneDrive\Documents\skripsiiiiiiiiiiiiiii\retribusi-sampah-master\vendor\codeigniter4\framework\system\Database\BaseBuilder.php(2497): CodeIgniter\Database\BaseConnection->query('UPDATE `kategor...', Array, false)
#4 C:\Users\user\OneDrive\Documents\skripsiiiiiiiiiiiiiii\retribusi-sampah-master\app\Controllers\Admin.php(66): CodeIgniter\Database\BaseBuilder->update(Array)
#5 C:\Users\user\OneDrive\Documents\skripsiiiiiiiiiiiiiii\retribusi-sampah-master\vendor\codeigniter4\framework\system\CodeIgniter.php(933): App\Controllers\Admin->update('_pelanggan1')
#6 C:\Users\user\OneDrive\Documents\skripsiiiiiiiiiiiiiii\retribusi-sampah-master\vendor\codeigniter4\framework\system\CodeIgniter.php(509): CodeIgniter\CodeIgniter->runController(Object(App\Controllers\Admin))
#7 C:\Users\user\OneDrive\Documents\skripsiiiiiiiiiiiiiii\retribusi-sampah-master\vendor\codeigniter4\framework\system\CodeIgniter.php(355): CodeIgniter\CodeIgniter->handleRequest(NULL, Object(Config\Cache), false)
#8 C:\Users\user\OneDrive\Documents\skripsiiiiiiiiiiiiiii\retribusi-sampah-master\vendor\codeigniter4\framework\system\Boot.php(312): CodeIgniter\CodeIgniter->run()
#9 C:\Users\user\OneDrive\Documents\skripsiiiiiiiiiiiiiii\retribusi-sampah-master\vendor\codeigniter4\framework\system\Boot.php(67): CodeIgniter\Boot::runCodeIgniter(Object(CodeIgniter\CodeIgniter))
#10 C:\Users\user\OneDrive\Documents\skripsiiiiiiiiiiiiiii\retribusi-sampah-master\public\index.php(56): CodeIgniter\Boot::bootWeb(Object(Config\Paths))
#11 C:\Users\user\OneDrive\Documents\skripsiiiiiiiiiiiiiii\retribusi-sampah-master\vendor\codeigniter4\framework\system\Commands\Server\rewrite.php(49): require_once('C:\\Users\\user\\O...')
#12 {main}
CRITICAL - 2024-06-07 04:01:59 --> CodeIgniter\Database\Exceptions\DatabaseException: Unknown column 'nama_pelanggan' in 'field list'
[Method: PUT, Route: admin/update_pelanggan1]
in SYSTEMPATH\Database\BaseConnection.php on line 676.
 1 SYSTEMPATH\Database\BaseBuilder.php(2497): CodeIgniter\Database\BaseConnection->query('UPDATE `kategori` SET `nama_pelanggan` = :nama_pelanggan:, `desa` = :desa:, `kecamatan` = :kecamatan:, `kategori` = :kategori:, `sub_kategori` = :sub_kategori:, `tarif_bulanan` = :tarif_bulanan:
WHERE `id` = :id:', [...], false)
 2 APPPATH\Controllers\Admin.php(66): CodeIgniter\Database\BaseBuilder->update([...])
 3 SYSTEMPATH\CodeIgniter.php(933): App\Controllers\Admin->update('_pelanggan1')
 4 SYSTEMPATH\CodeIgniter.php(509): CodeIgniter\CodeIgniter->runController(Object(App\Controllers\Admin))
 5 SYSTEMPATH\CodeIgniter.php(355): CodeIgniter\CodeIgniter->handleRequest(null, Object(Config\Cache), false)
 6 SYSTEMPATH\Boot.php(312): CodeIgniter\CodeIgniter->run()
 7 SYSTEMPATH\Boot.php(67): CodeIgniter\Boot::runCodeIgniter(Object(CodeIgniter\CodeIgniter))
 8 FCPATH\index.php(56): CodeIgniter\Boot::bootWeb(Object(Config\Paths))
 9 SYSTEMPATH\Commands\Server\rewrite.php(49): require_once('C:\\Users\\user\\OneDrive\\Documents\\skripsiiiiiiiiiiiiiii\\retribusi-sampah-master\\public\\index.php')
CRITICAL - 2024-06-07 04:01:59 --> [Caused by] CodeIgniter\Database\Exceptions\DatabaseException: Unknown column 'nama_pelanggan' in 'field list'
in SYSTEMPATH\Database\MySQLi\Connection.php on line 313.
 1 SYSTEMPATH\Database\BaseConnection.php(722): CodeIgniter\Database\MySQLi\Connection->execute('UPDATE `kategori` SET `nama_pelanggan` = \'RM. Al Baroka\', `desa` = \'Boulevard\', `kecamatan` = \'Tondano Barat\', `kategori` = \'Rumah Makan Tidak Tetap\', `sub_kategori` = \'Rumah Makan Tidak Tetap\', `tarif_bulanan` = \'25000\'
WHERE `id` = \'_pelanggan1\'')
 2 SYSTEMPATH\Database\BaseConnection.php(636): CodeIgniter\Database\BaseConnection->simpleQuery('UPDATE `kategori` SET `nama_pelanggan` = \'RM. Al Baroka\', `desa` = \'Boulevard\', `kecamatan` = \'Tondano Barat\', `kategori` = \'Rumah Makan Tidak Tetap\', `sub_kategori` = \'Rumah Makan Tidak Tetap\', `tarif_bulanan` = \'25000\'
WHERE `id` = \'_pelanggan1\'')
 3 SYSTEMPATH\Database\BaseBuilder.php(2497): CodeIgniter\Database\BaseConnection->query('UPDATE `kategori` SET `nama_pelanggan` = :nama_pelanggan:, `desa` = :desa:, `kecamatan` = :kecamatan:, `kategori` = :kategori:, `sub_kategori` = :sub_kategori:, `tarif_bulanan` = :tarif_bulanan:
WHERE `id` = :id:', [...], false)
 4 APPPATH\Controllers\Admin.php(66): CodeIgniter\Database\BaseBuilder->update([...])
 5 SYSTEMPATH\CodeIgniter.php(933): App\Controllers\Admin->update('_pelanggan1')
 6 SYSTEMPATH\CodeIgniter.php(509): CodeIgniter\CodeIgniter->runController(Object(App\Controllers\Admin))
 7 SYSTEMPATH\CodeIgniter.php(355): CodeIgniter\CodeIgniter->handleRequest(null, Object(Config\Cache), false)
 8 SYSTEMPATH\Boot.php(312): CodeIgniter\CodeIgniter->run()
 9 SYSTEMPATH\Boot.php(67): CodeIgniter\Boot::runCodeIgniter(Object(CodeIgniter\CodeIgniter))
10 FCPATH\index.php(56): CodeIgniter\Boot::bootWeb(Object(Config\Paths))
11 SYSTEMPATH\Commands\Server\rewrite.php(49): require_once('C:\\Users\\user\\OneDrive\\Documents\\skripsiiiiiiiiiiiiiii\\retribusi-sampah-master\\public\\index.php')
CRITICAL - 2024-06-07 04:01:59 --> [Caused by] mysqli_sql_exception: Unknown column 'nama_pelanggan' in 'field list'
in SYSTEMPATH\Database\MySQLi\Connection.php on line 308.
 1 SYSTEMPATH\Database\MySQLi\Connection.php(308): mysqli->query('UPDATE `kategori` SET `nama_pelanggan` = \'RM. Al Baroka\', `desa` = \'Boulevard\', `kecamatan` = \'Tondano Barat\', `kategori` = \'Rumah Makan Tidak Tetap\', `sub_kategori` = \'Rumah Makan Tidak Tetap\', `tarif_bulanan` = \'25000\'
WHERE `id` = \'_pelanggan1\'', 0)
 2 SYSTEMPATH\Database\BaseConnection.php(722): CodeIgniter\Database\MySQLi\Connection->execute('UPDATE `kategori` SET `nama_pelanggan` = \'RM. Al Baroka\', `desa` = \'Boulevard\', `kecamatan` = \'Tondano Barat\', `kategori` = \'Rumah Makan Tidak Tetap\', `sub_kategori` = \'Rumah Makan Tidak Tetap\', `tarif_bulanan` = \'25000\'
WHERE `id` = \'_pelanggan1\'')
 3 SYSTEMPATH\Database\BaseConnection.php(636): CodeIgniter\Database\BaseConnection->simpleQuery('UPDATE `kategori` SET `nama_pelanggan` = \'RM. Al Baroka\', `desa` = \'Boulevard\', `kecamatan` = \'Tondano Barat\', `kategori` = \'Rumah Makan Tidak Tetap\', `sub_kategori` = \'Rumah Makan Tidak Tetap\', `tarif_bulanan` = \'25000\'
WHERE `id` = \'_pelanggan1\'')
 4 SYSTEMPATH\Database\BaseBuilder.php(2497): CodeIgniter\Database\BaseConnection->query('UPDATE `kategori` SET `nama_pelanggan` = :nama_pelanggan:, `desa` = :desa:, `kecamatan` = :kecamatan:, `kategori` = :kategori:, `sub_kategori` = :sub_kategori:, `tarif_bulanan` = :tarif_bulanan:
WHERE `id` = :id:', [...], false)
 5 APPPATH\Controllers\Admin.php(66): CodeIgniter\Database\BaseBuilder->update([...])
 6 SYSTEMPATH\CodeIgniter.php(933): App\Controllers\Admin->update('_pelanggan1')
 7 SYSTEMPATH\CodeIgniter.php(509): CodeIgniter\CodeIgniter->runController(Object(App\Controllers\Admin))
 8 SYSTEMPATH\CodeIgniter.php(355): CodeIgniter\CodeIgniter->handleRequest(null, Object(Config\Cache), false)
 9 SYSTEMPATH\Boot.php(312): CodeIgniter\CodeIgniter->run()
10 SYSTEMPATH\Boot.php(67): CodeIgniter\Boot::runCodeIgniter(Object(CodeIgniter\CodeIgniter))
11 FCPATH\index.php(56): CodeIgniter\Boot::bootWeb(Object(Config\Paths))
12 SYSTEMPATH\Commands\Server\rewrite.php(49): require_once('C:\\Users\\user\\OneDrive\\Documents\\skripsiiiiiiiiiiiiiii\\retribusi-sampah-master\\public\\index.php')
ERROR - 2024-06-07 04:09:53 --> mysqli_sql_exception: Unknown column 'nama_pelanggan' in 'field list' in C:\Users\user\OneDrive\Documents\skripsiiiiiiiiiiiiiii\retribusi-sampah-master\vendor\codeigniter4\framework\system\Database\MySQLi\Connection.php:308
Stack trace:
#0 C:\Users\user\OneDrive\Documents\skripsiiiiiiiiiiiiiii\retribusi-sampah-master\vendor\codeigniter4\framework\system\Database\MySQLi\Connection.php(308): mysqli->query('UPDATE `kategor...', 0)
#1 C:\Users\user\OneDrive\Documents\skripsiiiiiiiiiiiiiii\retribusi-sampah-master\vendor\codeigniter4\framework\system\Database\BaseConnection.php(722): CodeIgniter\Database\MySQLi\Connection->execute('UPDATE `kategor...')
#2 C:\Users\user\OneDrive\Documents\skripsiiiiiiiiiiiiiii\retribusi-sampah-master\vendor\codeigniter4\framework\system\Database\BaseConnection.php(636): CodeIgniter\Database\BaseConnection->simpleQuery('UPDATE `kategor...')
#3 C:\Users\user\OneDrive\Documents\skripsiiiiiiiiiiiiiii\retribusi-sampah-master\vendor\codeigniter4\framework\system\Database\BaseBuilder.php(2497): CodeIgniter\Database\BaseConnection->query('UPDATE `kategor...', Array, false)
#4 C:\Users\user\OneDrive\Documents\skripsiiiiiiiiiiiiiii\retribusi-sampah-master\app\Controllers\Admin.php(66): CodeIgniter\Database\BaseBuilder->update(Array)
#5 C:\Users\user\OneDrive\Documents\skripsiiiiiiiiiiiiiii\retribusi-sampah-master\vendor\codeigniter4\framework\system\CodeIgniter.php(933): App\Controllers\Admin->update('_pelanggan1')
#6 C:\Users\user\OneDrive\Documents\skripsiiiiiiiiiiiiiii\retribusi-sampah-master\vendor\codeigniter4\framework\system\CodeIgniter.php(509): CodeIgniter\CodeIgniter->runController(Object(App\Controllers\Admin))
#7 C:\Users\user\OneDrive\Documents\skripsiiiiiiiiiiiiiii\retribusi-sampah-master\vendor\codeigniter4\framework\system\CodeIgniter.php(355): CodeIgniter\CodeIgniter->handleRequest(NULL, Object(Config\Cache), false)
#8 C:\Users\user\OneDrive\Documents\skripsiiiiiiiiiiiiiii\retribusi-sampah-master\vendor\codeigniter4\framework\system\Boot.php(312): CodeIgniter\CodeIgniter->run()
#9 C:\Users\user\OneDrive\Documents\skripsiiiiiiiiiiiiiii\retribusi-sampah-master\vendor\codeigniter4\framework\system\Boot.php(67): CodeIgniter\Boot::runCodeIgniter(Object(CodeIgniter\CodeIgniter))
#10 C:\Users\user\OneDrive\Documents\skripsiiiiiiiiiiiiiii\retribusi-sampah-master\public\index.php(56): CodeIgniter\Boot::bootWeb(Object(Config\Paths))
#11 C:\Users\user\OneDrive\Documents\skripsiiiiiiiiiiiiiii\retribusi-sampah-master\vendor\codeigniter4\framework\system\Commands\Server\rewrite.php(49): require_once('C:\\Users\\user\\O...')
#12 {main}
CRITICAL - 2024-06-07 04:09:53 --> CodeIgniter\Database\Exceptions\DatabaseException: Unknown column 'nama_pelanggan' in 'field list'
[Method: PUT, Route: admin/update_pelanggan1]
in SYSTEMPATH\Database\BaseConnection.php on line 676.
 1 SYSTEMPATH\Database\BaseBuilder.php(2497): CodeIgniter\Database\BaseConnection->query('UPDATE `kategori` SET `nama_pelanggan` = :nama_pelanggan:, `desa` = :desa:, `kecamatan` = :kecamatan:, `kategori` = :kategori:, `sub_kategori` = :sub_kategori:, `tarif_bulanan` = :tarif_bulanan:
WHERE `id` = :id:', [...], false)
 2 APPPATH\Controllers\Admin.php(66): CodeIgniter\Database\BaseBuilder->update([...])
 3 SYSTEMPATH\CodeIgniter.php(933): App\Controllers\Admin->update('_pelanggan1')
 4 SYSTEMPATH\CodeIgniter.php(509): CodeIgniter\CodeIgniter->runController(Object(App\Controllers\Admin))
 5 SYSTEMPATH\CodeIgniter.php(355): CodeIgniter\CodeIgniter->handleRequest(null, Object(Config\Cache), false)
 6 SYSTEMPATH\Boot.php(312): CodeIgniter\CodeIgniter->run()
 7 SYSTEMPATH\Boot.php(67): CodeIgniter\Boot::runCodeIgniter(Object(CodeIgniter\CodeIgniter))
 8 FCPATH\index.php(56): CodeIgniter\Boot::bootWeb(Object(Config\Paths))
 9 SYSTEMPATH\Commands\Server\rewrite.php(49): require_once('C:\\Users\\user\\OneDrive\\Documents\\skripsiiiiiiiiiiiiiii\\retribusi-sampah-master\\public\\index.php')
CRITICAL - 2024-06-07 04:09:53 --> [Caused by] CodeIgniter\Database\Exceptions\DatabaseException: Unknown column 'nama_pelanggan' in 'field list'
in SYSTEMPATH\Database\MySQLi\Connection.php on line 313.
 1 SYSTEMPATH\Database\BaseConnection.php(722): CodeIgniter\Database\MySQLi\Connection->execute('UPDATE `kategori` SET `nama_pelanggan` = \'RM. Al Baroka\', `desa` = \'Boulevard\', `kecamatan` = \'Tondano Barat\', `kategori` = \'Rumah Makan Tidak Tetap\', `sub_kategori` = \'RUMAH MAKAN TIDAK TETAP\', `tarif_bulanan` = \'25000\'
WHERE `id` = \'_pelanggan1\'')
 2 SYSTEMPATH\Database\BaseConnection.php(636): CodeIgniter\Database\BaseConnection->simpleQuery('UPDATE `kategori` SET `nama_pelanggan` = \'RM. Al Baroka\', `desa` = \'Boulevard\', `kecamatan` = \'Tondano Barat\', `kategori` = \'Rumah Makan Tidak Tetap\', `sub_kategori` = \'RUMAH MAKAN TIDAK TETAP\', `tarif_bulanan` = \'25000\'
WHERE `id` = \'_pelanggan1\'')
 3 SYSTEMPATH\Database\BaseBuilder.php(2497): CodeIgniter\Database\BaseConnection->query('UPDATE `kategori` SET `nama_pelanggan` = :nama_pelanggan:, `desa` = :desa:, `kecamatan` = :kecamatan:, `kategori` = :kategori:, `sub_kategori` = :sub_kategori:, `tarif_bulanan` = :tarif_bulanan:
WHERE `id` = :id:', [...], false)
 4 APPPATH\Controllers\Admin.php(66): CodeIgniter\Database\BaseBuilder->update([...])
 5 SYSTEMPATH\CodeIgniter.php(933): App\Controllers\Admin->update('_pelanggan1')
 6 SYSTEMPATH\CodeIgniter.php(509): CodeIgniter\CodeIgniter->runController(Object(App\Controllers\Admin))
 7 SYSTEMPATH\CodeIgniter.php(355): CodeIgniter\CodeIgniter->handleRequest(null, Object(Config\Cache), false)
 8 SYSTEMPATH\Boot.php(312): CodeIgniter\CodeIgniter->run()
 9 SYSTEMPATH\Boot.php(67): CodeIgniter\Boot::runCodeIgniter(Object(CodeIgniter\CodeIgniter))
10 FCPATH\index.php(56): CodeIgniter\Boot::bootWeb(Object(Config\Paths))
11 SYSTEMPATH\Commands\Server\rewrite.php(49): require_once('C:\\Users\\user\\OneDrive\\Documents\\skripsiiiiiiiiiiiiiii\\retribusi-sampah-master\\public\\index.php')
CRITICAL - 2024-06-07 04:09:53 --> [Caused by] mysqli_sql_exception: Unknown column 'nama_pelanggan' in 'field list'
in SYSTEMPATH\Database\MySQLi\Connection.php on line 308.
 1 SYSTEMPATH\Database\MySQLi\Connection.php(308): mysqli->query('UPDATE `kategori` SET `nama_pelanggan` = \'RM. Al Baroka\', `desa` = \'Boulevard\', `kecamatan` = \'Tondano Barat\', `kategori` = \'Rumah Makan Tidak Tetap\', `sub_kategori` = \'RUMAH MAKAN TIDAK TETAP\', `tarif_bulanan` = \'25000\'
WHERE `id` = \'_pelanggan1\'', 0)
 2 SYSTEMPATH\Database\BaseConnection.php(722): CodeIgniter\Database\MySQLi\Connection->execute('UPDATE `kategori` SET `nama_pelanggan` = \'RM. Al Baroka\', `desa` = \'Boulevard\', `kecamatan` = \'Tondano Barat\', `kategori` = \'Rumah Makan Tidak Tetap\', `sub_kategori` = \'RUMAH MAKAN TIDAK TETAP\', `tarif_bulanan` = \'25000\'
WHERE `id` = \'_pelanggan1\'')
 3 SYSTEMPATH\Database\BaseConnection.php(636): CodeIgniter\Database\BaseConnection->simpleQuery('UPDATE `kategori` SET `nama_pelanggan` = \'RM. Al Baroka\', `desa` = \'Boulevard\', `kecamatan` = \'Tondano Barat\', `kategori` = \'Rumah Makan Tidak Tetap\', `sub_kategori` = \'RUMAH MAKAN TIDAK TETAP\', `tarif_bulanan` = \'25000\'
WHERE `id` = \'_pelanggan1\'')
 4 SYSTEMPATH\Database\BaseBuilder.php(2497): CodeIgniter\Database\BaseConnection->query('UPDATE `kategori` SET `nama_pelanggan` = :nama_pelanggan:, `desa` = :desa:, `kecamatan` = :kecamatan:, `kategori` = :kategori:, `sub_kategori` = :sub_kategori:, `tarif_bulanan` = :tarif_bulanan:
WHERE `id` = :id:', [...], false)
 5 APPPATH\Controllers\Admin.php(66): CodeIgniter\Database\BaseBuilder->update([...])
 6 SYSTEMPATH\CodeIgniter.php(933): App\Controllers\Admin->update('_pelanggan1')
 7 SYSTEMPATH\CodeIgniter.php(509): CodeIgniter\CodeIgniter->runController(Object(App\Controllers\Admin))
 8 SYSTEMPATH\CodeIgniter.php(355): CodeIgniter\CodeIgniter->handleRequest(null, Object(Config\Cache), false)
 9 SYSTEMPATH\Boot.php(312): CodeIgniter\CodeIgniter->run()
10 SYSTEMPATH\Boot.php(67): CodeIgniter\Boot::runCodeIgniter(Object(CodeIgniter\CodeIgniter))
11 FCPATH\index.php(56): CodeIgniter\Boot::bootWeb(Object(Config\Paths))
12 SYSTEMPATH\Commands\Server\rewrite.php(49): require_once('C:\\Users\\user\\OneDrive\\Documents\\skripsiiiiiiiiiiiiiii\\retribusi-sampah-master\\public\\index.php')
ERROR - 2024-06-07 04:11:38 --> mysqli_sql_exception: Unknown column 'nama_pelanggan' in 'field list' in C:\Users\user\OneDrive\Documents\skripsiiiiiiiiiiiiiii\retribusi-sampah-master\vendor\codeigniter4\framework\system\Database\MySQLi\Connection.php:308
Stack trace:
#0 C:\Users\user\OneDrive\Documents\skripsiiiiiiiiiiiiiii\retribusi-sampah-master\vendor\codeigniter4\framework\system\Database\MySQLi\Connection.php(308): mysqli->query('UPDATE `kategor...', 0)
#1 C:\Users\user\OneDrive\Documents\skripsiiiiiiiiiiiiiii\retribusi-sampah-master\vendor\codeigniter4\framework\system\Database\BaseConnection.php(722): CodeIgniter\Database\MySQLi\Connection->execute('UPDATE `kategor...')
#2 C:\Users\user\OneDrive\Documents\skripsiiiiiiiiiiiiiii\retribusi-sampah-master\vendor\codeigniter4\framework\system\Database\BaseConnection.php(636): CodeIgniter\Database\BaseConnection->simpleQuery('UPDATE `kategor...')
#3 C:\Users\user\OneDrive\Documents\skripsiiiiiiiiiiiiiii\retribusi-sampah-master\vendor\codeigniter4\framework\system\Database\BaseBuilder.php(2497): CodeIgniter\Database\BaseConnection->query('UPDATE `kategor...', Array, false)
#4 C:\Users\user\OneDrive\Documents\skripsiiiiiiiiiiiiiii\retribusi-sampah-master\app\Controllers\Admin.php(68): CodeIgniter\Database\BaseBuilder->update(Array)
#5 C:\Users\user\OneDrive\Documents\skripsiiiiiiiiiiiiiii\retribusi-sampah-master\vendor\codeigniter4\framework\system\CodeIgniter.php(933): App\Controllers\Admin->update('_pelanggan1')
#6 C:\Users\user\OneDrive\Documents\skripsiiiiiiiiiiiiiii\retribusi-sampah-master\vendor\codeigniter4\framework\system\CodeIgniter.php(509): CodeIgniter\CodeIgniter->runController(Object(App\Controllers\Admin))
#7 C:\Users\user\OneDrive\Documents\skripsiiiiiiiiiiiiiii\retribusi-sampah-master\vendor\codeigniter4\framework\system\CodeIgniter.php(355): CodeIgniter\CodeIgniter->handleRequest(NULL, Object(Config\Cache), false)
#8 C:\Users\user\OneDrive\Documents\skripsiiiiiiiiiiiiiii\retribusi-sampah-master\vendor\codeigniter4\framework\system\Boot.php(312): CodeIgniter\CodeIgniter->run()
#9 C:\Users\user\OneDrive\Documents\skripsiiiiiiiiiiiiiii\retribusi-sampah-master\vendor\codeigniter4\framework\system\Boot.php(67): CodeIgniter\Boot::runCodeIgniter(Object(CodeIgniter\CodeIgniter))
#10 C:\Users\user\OneDrive\Documents\skripsiiiiiiiiiiiiiii\retribusi-sampah-master\public\index.php(56): CodeIgniter\Boot::bootWeb(Object(Config\Paths))
#11 C:\Users\user\OneDrive\Documents\skripsiiiiiiiiiiiiiii\retribusi-sampah-master\vendor\codeigniter4\framework\system\Commands\Server\rewrite.php(49): require_once('C:\\Users\\user\\O...')
#12 {main}
CRITICAL - 2024-06-07 04:11:38 --> CodeIgniter\Database\Exceptions\DatabaseException: Unknown column 'nama_pelanggan' in 'field list'
[Method: PUT, Route: admin/update_pelanggan1]
in SYSTEMPATH\Database\BaseConnection.php on line 676.
 1 SYSTEMPATH\Database\BaseBuilder.php(2497): CodeIgniter\Database\BaseConnection->query('UPDATE `kategori` SET `nama_pelanggan` = :nama_pelanggan:, `desa` = :desa:, `kecamatan` = :kecamatan:, `kategori` = :kategori:, `sub_kategori` = :sub_kategori:, `tarif_bulanan` = :tarif_bulanan:
WHERE `id` = :id:', [...], false)
 2 APPPATH\Controllers\Admin.php(68): CodeIgniter\Database\BaseBuilder->update([...])
 3 SYSTEMPATH\CodeIgniter.php(933): App\Controllers\Admin->update('_pelanggan1')
 4 SYSTEMPATH\CodeIgniter.php(509): CodeIgniter\CodeIgniter->runController(Object(App\Controllers\Admin))
 5 SYSTEMPATH\CodeIgniter.php(355): CodeIgniter\CodeIgniter->handleRequest(null, Object(Config\Cache), false)
 6 SYSTEMPATH\Boot.php(312): CodeIgniter\CodeIgniter->run()
 7 SYSTEMPATH\Boot.php(67): CodeIgniter\Boot::runCodeIgniter(Object(CodeIgniter\CodeIgniter))
 8 FCPATH\index.php(56): CodeIgniter\Boot::bootWeb(Object(Config\Paths))
 9 SYSTEMPATH\Commands\Server\rewrite.php(49): require_once('C:\\Users\\user\\OneDrive\\Documents\\skripsiiiiiiiiiiiiiii\\retribusi-sampah-master\\public\\index.php')
CRITICAL - 2024-06-07 04:11:38 --> [Caused by] CodeIgniter\Database\Exceptions\DatabaseException: Unknown column 'nama_pelanggan' in 'field list'
in SYSTEMPATH\Database\MySQLi\Connection.php on line 313.
 1 SYSTEMPATH\Database\BaseConnection.php(722): CodeIgniter\Database\MySQLi\Connection->execute('UPDATE `kategori` SET `nama_pelanggan` = \'RM. Al Baroka\', `desa` = \'Boulevard\', `kecamatan` = \'Tondano Barat\', `kategori` = \'Rumah Makan Tidak Tetap\', `sub_kategori` = \'RUMAH MAKAN TIDAK TETAP\', `tarif_bulanan` = \'25000\'
WHERE `id` = \'_pelanggan1\'')
 2 SYSTEMPATH\Database\BaseConnection.php(636): CodeIgniter\Database\BaseConnection->simpleQuery('UPDATE `kategori` SET `nama_pelanggan` = \'RM. Al Baroka\', `desa` = \'Boulevard\', `kecamatan` = \'Tondano Barat\', `kategori` = \'Rumah Makan Tidak Tetap\', `sub_kategori` = \'RUMAH MAKAN TIDAK TETAP\', `tarif_bulanan` = \'25000\'
WHERE `id` = \'_pelanggan1\'')
 3 SYSTEMPATH\Database\BaseBuilder.php(2497): CodeIgniter\Database\BaseConnection->query('UPDATE `kategori` SET `nama_pelanggan` = :nama_pelanggan:, `desa` = :desa:, `kecamatan` = :kecamatan:, `kategori` = :kategori:, `sub_kategori` = :sub_kategori:, `tarif_bulanan` = :tarif_bulanan:
WHERE `id` = :id:', [...], false)
 4 APPPATH\Controllers\Admin.php(68): CodeIgniter\Database\BaseBuilder->update([...])
 5 SYSTEMPATH\CodeIgniter.php(933): App\Controllers\Admin->update('_pelanggan1')
 6 SYSTEMPATH\CodeIgniter.php(509): CodeIgniter\CodeIgniter->runController(Object(App\Controllers\Admin))
 7 SYSTEMPATH\CodeIgniter.php(355): CodeIgniter\CodeIgniter->handleRequest(null, Object(Config\Cache), false)
 8 SYSTEMPATH\Boot.php(312): CodeIgniter\CodeIgniter->run()
 9 SYSTEMPATH\Boot.php(67): CodeIgniter\Boot::runCodeIgniter(Object(CodeIgniter\CodeIgniter))
10 FCPATH\index.php(56): CodeIgniter\Boot::bootWeb(Object(Config\Paths))
11 SYSTEMPATH\Commands\Server\rewrite.php(49): require_once('C:\\Users\\user\\OneDrive\\Documents\\skripsiiiiiiiiiiiiiii\\retribusi-sampah-master\\public\\index.php')
CRITICAL - 2024-06-07 04:11:38 --> [Caused by] mysqli_sql_exception: Unknown column 'nama_pelanggan' in 'field list'
in SYSTEMPATH\Database\MySQLi\Connection.php on line 308.
 1 SYSTEMPATH\Database\MySQLi\Connection.php(308): mysqli->query('UPDATE `kategori` SET `nama_pelanggan` = \'RM. Al Baroka\', `desa` = \'Boulevard\', `kecamatan` = \'Tondano Barat\', `kategori` = \'Rumah Makan Tidak Tetap\', `sub_kategori` = \'RUMAH MAKAN TIDAK TETAP\', `tarif_bulanan` = \'25000\'
WHERE `id` = \'_pelanggan1\'', 0)
 2 SYSTEMPATH\Database\BaseConnection.php(722): CodeIgniter\Database\MySQLi\Connection->execute('UPDATE `kategori` SET `nama_pelanggan` = \'RM. Al Baroka\', `desa` = \'Boulevard\', `kecamatan` = \'Tondano Barat\', `kategori` = \'Rumah Makan Tidak Tetap\', `sub_kategori` = \'RUMAH MAKAN TIDAK TETAP\', `tarif_bulanan` = \'25000\'
WHERE `id` = \'_pelanggan1\'')
 3 SYSTEMPATH\Database\BaseConnection.php(636): CodeIgniter\Database\BaseConnection->simpleQuery('UPDATE `kategori` SET `nama_pelanggan` = \'RM. Al Baroka\', `desa` = \'Boulevard\', `kecamatan` = \'Tondano Barat\', `kategori` = \'Rumah Makan Tidak Tetap\', `sub_kategori` = \'RUMAH MAKAN TIDAK TETAP\', `tarif_bulanan` = \'25000\'
WHERE `id` = \'_pelanggan1\'')
 4 SYSTEMPATH\Database\BaseBuilder.php(2497): CodeIgniter\Database\BaseConnection->query('UPDATE `kategori` SET `nama_pelanggan` = :nama_pelanggan:, `desa` = :desa:, `kecamatan` = :kecamatan:, `kategori` = :kategori:, `sub_kategori` = :sub_kategori:, `tarif_bulanan` = :tarif_bulanan:
WHERE `id` = :id:', [...], false)
 5 APPPATH\Controllers\Admin.php(68): CodeIgniter\Database\BaseBuilder->update([...])
 6 SYSTEMPATH\CodeIgniter.php(933): App\Controllers\Admin->update('_pelanggan1')
 7 SYSTEMPATH\CodeIgniter.php(509): CodeIgniter\CodeIgniter->runController(Object(App\Controllers\Admin))
 8 SYSTEMPATH\CodeIgniter.php(355): CodeIgniter\CodeIgniter->handleRequest(null, Object(Config\Cache), false)
 9 SYSTEMPATH\Boot.php(312): CodeIgniter\CodeIgniter->run()
10 SYSTEMPATH\Boot.php(67): CodeIgniter\Boot::runCodeIgniter(Object(CodeIgniter\CodeIgniter))
11 FCPATH\index.php(56): CodeIgniter\Boot::bootWeb(Object(Config\Paths))
12 SYSTEMPATH\Commands\Server\rewrite.php(49): require_once('C:\\Users\\user\\OneDrive\\Documents\\skripsiiiiiiiiiiiiiii\\retribusi-sampah-master\\public\\index.php')
ERROR - 2024-06-07 04:11:50 --> mysqli_sql_exception: Unknown column 'nama_pelanggan' in 'field list' in C:\Users\user\OneDrive\Documents\skripsiiiiiiiiiiiiiii\retribusi-sampah-master\vendor\codeigniter4\framework\system\Database\MySQLi\Connection.php:308
Stack trace:
#0 C:\Users\user\OneDrive\Documents\skripsiiiiiiiiiiiiiii\retribusi-sampah-master\vendor\codeigniter4\framework\system\Database\MySQLi\Connection.php(308): mysqli->query('UPDATE `kategor...', 0)
#1 C:\Users\user\OneDrive\Documents\skripsiiiiiiiiiiiiiii\retribusi-sampah-master\vendor\codeigniter4\framework\system\Database\BaseConnection.php(722): CodeIgniter\Database\MySQLi\Connection->execute('UPDATE `kategor...')
#2 C:\Users\user\OneDrive\Documents\skripsiiiiiiiiiiiiiii\retribusi-sampah-master\vendor\codeigniter4\framework\system\Database\BaseConnection.php(636): CodeIgniter\Database\BaseConnection->simpleQuery('UPDATE `kategor...')
#3 C:\Users\user\OneDrive\Documents\skripsiiiiiiiiiiiiiii\retribusi-sampah-master\vendor\codeigniter4\framework\system\Database\BaseBuilder.php(2497): CodeIgniter\Database\BaseConnection->query('UPDATE `kategor...', Array, false)
#4 C:\Users\user\OneDrive\Documents\skripsiiiiiiiiiiiiiii\retribusi-sampah-master\app\Controllers\Admin.php(68): CodeIgniter\Database\BaseBuilder->update(Array)
#5 C:\Users\user\OneDrive\Documents\skripsiiiiiiiiiiiiiii\retribusi-sampah-master\vendor\codeigniter4\framework\system\CodeIgniter.php(933): App\Controllers\Admin->update('_pelanggan1')
#6 C:\Users\user\OneDrive\Documents\skripsiiiiiiiiiiiiiii\retribusi-sampah-master\vendor\codeigniter4\framework\system\CodeIgniter.php(509): CodeIgniter\CodeIgniter->runController(Object(App\Controllers\Admin))
#7 C:\Users\user\OneDrive\Documents\skripsiiiiiiiiiiiiiii\retribusi-sampah-master\vendor\codeigniter4\framework\system\CodeIgniter.php(355): CodeIgniter\CodeIgniter->handleRequest(NULL, Object(Config\Cache), false)
#8 C:\Users\user\OneDrive\Documents\skripsiiiiiiiiiiiiiii\retribusi-sampah-master\vendor\codeigniter4\framework\system\Boot.php(312): CodeIgniter\CodeIgniter->run()
#9 C:\Users\user\OneDrive\Documents\skripsiiiiiiiiiiiiiii\retribusi-sampah-master\vendor\codeigniter4\framework\system\Boot.php(67): CodeIgniter\Boot::runCodeIgniter(Object(CodeIgniter\CodeIgniter))
#10 C:\Users\user\OneDrive\Documents\skripsiiiiiiiiiiiiiii\retribusi-sampah-master\public\index.php(56): CodeIgniter\Boot::bootWeb(Object(Config\Paths))
#11 C:\Users\user\OneDrive\Documents\skripsiiiiiiiiiiiiiii\retribusi-sampah-master\vendor\codeigniter4\framework\system\Commands\Server\rewrite.php(49): require_once('C:\\Users\\user\\O...')
#12 {main}
CRITICAL - 2024-06-07 04:11:50 --> CodeIgniter\Database\Exceptions\DatabaseException: Unknown column 'nama_pelanggan' in 'field list'
[Method: PUT, Route: admin/update_pelanggan1]
in SYSTEMPATH\Database\BaseConnection.php on line 676.
 1 SYSTEMPATH\Database\BaseBuilder.php(2497): CodeIgniter\Database\BaseConnection->query('UPDATE `kategori` SET `nama_pelanggan` = :nama_pelanggan:, `desa` = :desa:, `kecamatan` = :kecamatan:, `kategori` = :kategori:, `sub_kategori` = :sub_kategori:, `tarif_bulanan` = :tarif_bulanan:
WHERE `id` = :id:', [...], false)
 2 APPPATH\Controllers\Admin.php(68): CodeIgniter\Database\BaseBuilder->update([...])
 3 SYSTEMPATH\CodeIgniter.php(933): App\Controllers\Admin->update('_pelanggan1')
 4 SYSTEMPATH\CodeIgniter.php(509): CodeIgniter\CodeIgniter->runController(Object(App\Controllers\Admin))
 5 SYSTEMPATH\CodeIgniter.php(355): CodeIgniter\CodeIgniter->handleRequest(null, Object(Config\Cache), false)
 6 SYSTEMPATH\Boot.php(312): CodeIgniter\CodeIgniter->run()
 7 SYSTEMPATH\Boot.php(67): CodeIgniter\Boot::runCodeIgniter(Object(CodeIgniter\CodeIgniter))
 8 FCPATH\index.php(56): CodeIgniter\Boot::bootWeb(Object(Config\Paths))
 9 SYSTEMPATH\Commands\Server\rewrite.php(49): require_once('C:\\Users\\user\\OneDrive\\Documents\\skripsiiiiiiiiiiiiiii\\retribusi-sampah-master\\public\\index.php')
CRITICAL - 2024-06-07 04:11:50 --> [Caused by] CodeIgniter\Database\Exceptions\DatabaseException: Unknown column 'nama_pelanggan' in 'field list'
in SYSTEMPATH\Database\MySQLi\Connection.php on line 313.
 1 SYSTEMPATH\Database\BaseConnection.php(722): CodeIgniter\Database\MySQLi\Connection->execute('UPDATE `kategori` SET `nama_pelanggan` = \'RM. Al Baroka\', `desa` = \'BOULEVARD\', `kecamatan` = \'TONDANO BARAT\', `kategori` = \'Rumah Makan Tidak Tetap\', `sub_kategori` = \'RUMAH MAKAN TIDAK TETAP\', `tarif_bulanan` = \'25000\'
WHERE `id` = \'_pelanggan1\'')
 2 SYSTEMPATH\Database\BaseConnection.php(636): CodeIgniter\Database\BaseConnection->simpleQuery('UPDATE `kategori` SET `nama_pelanggan` = \'RM. Al Baroka\', `desa` = \'BOULEVARD\', `kecamatan` = \'TONDANO BARAT\', `kategori` = \'Rumah Makan Tidak Tetap\', `sub_kategori` = \'RUMAH MAKAN TIDAK TETAP\', `tarif_bulanan` = \'25000\'
WHERE `id` = \'_pelanggan1\'')
 3 SYSTEMPATH\Database\BaseBuilder.php(2497): CodeIgniter\Database\BaseConnection->query('UPDATE `kategori` SET `nama_pelanggan` = :nama_pelanggan:, `desa` = :desa:, `kecamatan` = :kecamatan:, `kategori` = :kategori:, `sub_kategori` = :sub_kategori:, `tarif_bulanan` = :tarif_bulanan:
WHERE `id` = :id:', [...], false)
 4 APPPATH\Controllers\Admin.php(68): CodeIgniter\Database\BaseBuilder->update([...])
 5 SYSTEMPATH\CodeIgniter.php(933): App\Controllers\Admin->update('_pelanggan1')
 6 SYSTEMPATH\CodeIgniter.php(509): CodeIgniter\CodeIgniter->runController(Object(App\Controllers\Admin))
 7 SYSTEMPATH\CodeIgniter.php(355): CodeIgniter\CodeIgniter->handleRequest(null, Object(Config\Cache), false)
 8 SYSTEMPATH\Boot.php(312): CodeIgniter\CodeIgniter->run()
 9 SYSTEMPATH\Boot.php(67): CodeIgniter\Boot::runCodeIgniter(Object(CodeIgniter\CodeIgniter))
10 FCPATH\index.php(56): CodeIgniter\Boot::bootWeb(Object(Config\Paths))
11 SYSTEMPATH\Commands\Server\rewrite.php(49): require_once('C:\\Users\\user\\OneDrive\\Documents\\skripsiiiiiiiiiiiiiii\\retribusi-sampah-master\\public\\index.php')
CRITICAL - 2024-06-07 04:11:50 --> [Caused by] mysqli_sql_exception: Unknown column 'nama_pelanggan' in 'field list'
in SYSTEMPATH\Database\MySQLi\Connection.php on line 308.
 1 SYSTEMPATH\Database\MySQLi\Connection.php(308): mysqli->query('UPDATE `kategori` SET `nama_pelanggan` = \'RM. Al Baroka\', `desa` = \'BOULEVARD\', `kecamatan` = \'TONDANO BARAT\', `kategori` = \'Rumah Makan Tidak Tetap\', `sub_kategori` = \'RUMAH MAKAN TIDAK TETAP\', `tarif_bulanan` = \'25000\'
WHERE `id` = \'_pelanggan1\'', 0)
 2 SYSTEMPATH\Database\BaseConnection.php(722): CodeIgniter\Database\MySQLi\Connection->execute('UPDATE `kategori` SET `nama_pelanggan` = \'RM. Al Baroka\', `desa` = \'BOULEVARD\', `kecamatan` = \'TONDANO BARAT\', `kategori` = \'Rumah Makan Tidak Tetap\', `sub_kategori` = \'RUMAH MAKAN TIDAK TETAP\', `tarif_bulanan` = \'25000\'
WHERE `id` = \'_pelanggan1\'')
 3 SYSTEMPATH\Database\BaseConnection.php(636): CodeIgniter\Database\BaseConnection->simpleQuery('UPDATE `kategori` SET `nama_pelanggan` = \'RM. Al Baroka\', `desa` = \'BOULEVARD\', `kecamatan` = \'TONDANO BARAT\', `kategori` = \'Rumah Makan Tidak Tetap\', `sub_kategori` = \'RUMAH MAKAN TIDAK TETAP\', `tarif_bulanan` = \'25000\'
WHERE `id` = \'_pelanggan1\'')
 4 SYSTEMPATH\Database\BaseBuilder.php(2497): CodeIgniter\Database\BaseConnection->query('UPDATE `kategori` SET `nama_pelanggan` = :nama_pelanggan:, `desa` = :desa:, `kecamatan` = :kecamatan:, `kategori` = :kategori:, `sub_kategori` = :sub_kategori:, `tarif_bulanan` = :tarif_bulanan:
WHERE `id` = :id:', [...], false)
 5 APPPATH\Controllers\Admin.php(68): CodeIgniter\Database\BaseBuilder->update([...])
 6 SYSTEMPATH\CodeIgniter.php(933): App\Controllers\Admin->update('_pelanggan1')
 7 SYSTEMPATH\CodeIgniter.php(509): CodeIgniter\CodeIgniter->runController(Object(App\Controllers\Admin))
 8 SYSTEMPATH\CodeIgniter.php(355): CodeIgniter\CodeIgniter->handleRequest(null, Object(Config\Cache), false)
 9 SYSTEMPATH\Boot.php(312): CodeIgniter\CodeIgniter->run()
10 SYSTEMPATH\Boot.php(67): CodeIgniter\Boot::runCodeIgniter(Object(CodeIgniter\CodeIgniter))
11 FCPATH\index.php(56): CodeIgniter\Boot::bootWeb(Object(Config\Paths))
12 SYSTEMPATH\Commands\Server\rewrite.php(49): require_once('C:\\Users\\user\\OneDrive\\Documents\\skripsiiiiiiiiiiiiiii\\retribusi-sampah-master\\public\\index.php')
ERROR - 2024-06-07 04:13:57 --> mysqli_sql_exception: Unknown column 'nama_pelanggan' in 'field list' in C:\Users\user\OneDrive\Documents\skripsiiiiiiiiiiiiiii\retribusi-sampah-master\vendor\codeigniter4\framework\system\Database\MySQLi\Connection.php:308
Stack trace:
#0 C:\Users\user\OneDrive\Documents\skripsiiiiiiiiiiiiiii\retribusi-sampah-master\vendor\codeigniter4\framework\system\Database\MySQLi\Connection.php(308): mysqli->query('UPDATE `kategor...', 0)
#1 C:\Users\user\OneDrive\Documents\skripsiiiiiiiiiiiiiii\retribusi-sampah-master\vendor\codeigniter4\framework\system\Database\BaseConnection.php(722): CodeIgniter\Database\MySQLi\Connection->execute('UPDATE `kategor...')
#2 C:\Users\user\OneDrive\Documents\skripsiiiiiiiiiiiiiii\retribusi-sampah-master\vendor\codeigniter4\framework\system\Database\BaseConnection.php(636): CodeIgniter\Database\BaseConnection->simpleQuery('UPDATE `kategor...')
#3 C:\Users\user\OneDrive\Documents\skripsiiiiiiiiiiiiiii\retribusi-sampah-master\vendor\codeigniter4\framework\system\Database\BaseBuilder.php(2497): CodeIgniter\Database\BaseConnection->query('UPDATE `kategor...', Array, false)
#4 C:\Users\user\OneDrive\Documents\skripsiiiiiiiiiiiiiii\retribusi-sampah-master\app\Controllers\Admin.php(68): CodeIgniter\Database\BaseBuilder->update(Array)
#5 C:\Users\user\OneDrive\Documents\skripsiiiiiiiiiiiiiii\retribusi-sampah-master\vendor\codeigniter4\framework\system\CodeIgniter.php(933): App\Controllers\Admin->update('_pelanggan1')
#6 C:\Users\user\OneDrive\Documents\skripsiiiiiiiiiiiiiii\retribusi-sampah-master\vendor\codeigniter4\framework\system\CodeIgniter.php(509): CodeIgniter\CodeIgniter->runController(Object(App\Controllers\Admin))
#7 C:\Users\user\OneDrive\Documents\skripsiiiiiiiiiiiiiii\retribusi-sampah-master\vendor\codeigniter4\framework\system\CodeIgniter.php(355): CodeIgniter\CodeIgniter->handleRequest(NULL, Object(Config\Cache), false)
#8 C:\Users\user\OneDrive\Documents\skripsiiiiiiiiiiiiiii\retribusi-sampah-master\vendor\codeigniter4\framework\system\Boot.php(312): CodeIgniter\CodeIgniter->run()
#9 C:\Users\user\OneDrive\Documents\skripsiiiiiiiiiiiiiii\retribusi-sampah-master\vendor\codeigniter4\framework\system\Boot.php(67): CodeIgniter\Boot::runCodeIgniter(Object(CodeIgniter\CodeIgniter))
#10 C:\Users\user\OneDrive\Documents\skripsiiiiiiiiiiiiiii\retribusi-sampah-master\public\index.php(56): CodeIgniter\Boot::bootWeb(Object(Config\Paths))
#11 C:\Users\user\OneDrive\Documents\skripsiiiiiiiiiiiiiii\retribusi-sampah-master\vendor\codeigniter4\framework\system\Commands\Server\rewrite.php(49): require_once('C:\\Users\\user\\O...')
#12 {main}
CRITICAL - 2024-06-07 04:13:57 --> CodeIgniter\Database\Exceptions\DatabaseException: Unknown column 'nama_pelanggan' in 'field list'
[Method: PUT, Route: admin/update_pelanggan1]
in SYSTEMPATH\Database\BaseConnection.php on line 676.
 1 SYSTEMPATH\Database\BaseBuilder.php(2497): CodeIgniter\Database\BaseConnection->query('UPDATE `kategori` SET `nama_pelanggan` = :nama_pelanggan:, `desa` = :desa:, `kecamatan` = :kecamatan:, `kategori` = :kategori:, `sub_kategori` = :sub_kategori:, `tarif_bulanan` = :tarif_bulanan:
WHERE `id` = :id:', [...], false)
 2 APPPATH\Controllers\Admin.php(68): CodeIgniter\Database\BaseBuilder->update([...])
 3 SYSTEMPATH\CodeIgniter.php(933): App\Controllers\Admin->update('_pelanggan1')
 4 SYSTEMPATH\CodeIgniter.php(509): CodeIgniter\CodeIgniter->runController(Object(App\Controllers\Admin))
 5 SYSTEMPATH\CodeIgniter.php(355): CodeIgniter\CodeIgniter->handleRequest(null, Object(Config\Cache), false)
 6 SYSTEMPATH\Boot.php(312): CodeIgniter\CodeIgniter->run()
 7 SYSTEMPATH\Boot.php(67): CodeIgniter\Boot::runCodeIgniter(Object(CodeIgniter\CodeIgniter))
 8 FCPATH\index.php(56): CodeIgniter\Boot::bootWeb(Object(Config\Paths))
 9 SYSTEMPATH\Commands\Server\rewrite.php(49): require_once('C:\\Users\\user\\OneDrive\\Documents\\skripsiiiiiiiiiiiiiii\\retribusi-sampah-master\\public\\index.php')
CRITICAL - 2024-06-07 04:13:57 --> [Caused by] CodeIgniter\Database\Exceptions\DatabaseException: Unknown column 'nama_pelanggan' in 'field list'
in SYSTEMPATH\Database\MySQLi\Connection.php on line 313.
 1 SYSTEMPATH\Database\BaseConnection.php(722): CodeIgniter\Database\MySQLi\Connection->execute('UPDATE `kategori` SET `nama_pelanggan` = \'RM. AL BAROKA\', `desa` = \'Boulevard\', `kecamatan` = \'TONDANO BARAT\', `kategori` = \'Rumah Makan Tidak Tetap\', `sub_kategori` = \'RUMAH MAKAN TIDAK TETAP\', `tarif_bulanan` = \'25000\'
WHERE `id` = \'_pelanggan1\'')
 2 SYSTEMPATH\Database\BaseConnection.php(636): CodeIgniter\Database\BaseConnection->simpleQuery('UPDATE `kategori` SET `nama_pelanggan` = \'RM. AL BAROKA\', `desa` = \'Boulevard\', `kecamatan` = \'TONDANO BARAT\', `kategori` = \'Rumah Makan Tidak Tetap\', `sub_kategori` = \'RUMAH MAKAN TIDAK TETAP\', `tarif_bulanan` = \'25000\'
WHERE `id` = \'_pelanggan1\'')
 3 SYSTEMPATH\Database\BaseBuilder.php(2497): CodeIgniter\Database\BaseConnection->query('UPDATE `kategori` SET `nama_pelanggan` = :nama_pelanggan:, `desa` = :desa:, `kecamatan` = :kecamatan:, `kategori` = :kategori:, `sub_kategori` = :sub_kategori:, `tarif_bulanan` = :tarif_bulanan:
WHERE `id` = :id:', [...], false)
 4 APPPATH\Controllers\Admin.php(68): CodeIgniter\Database\BaseBuilder->update([...])
 5 SYSTEMPATH\CodeIgniter.php(933): App\Controllers\Admin->update('_pelanggan1')
 6 SYSTEMPATH\CodeIgniter.php(509): CodeIgniter\CodeIgniter->runController(Object(App\Controllers\Admin))
 7 SYSTEMPATH\CodeIgniter.php(355): CodeIgniter\CodeIgniter->handleRequest(null, Object(Config\Cache), false)
 8 SYSTEMPATH\Boot.php(312): CodeIgniter\CodeIgniter->run()
 9 SYSTEMPATH\Boot.php(67): CodeIgniter\Boot::runCodeIgniter(Object(CodeIgniter\CodeIgniter))
10 FCPATH\index.php(56): CodeIgniter\Boot::bootWeb(Object(Config\Paths))
11 SYSTEMPATH\Commands\Server\rewrite.php(49): require_once('C:\\Users\\user\\OneDrive\\Documents\\skripsiiiiiiiiiiiiiii\\retribusi-sampah-master\\public\\index.php')
CRITICAL - 2024-06-07 04:13:57 --> [Caused by] mysqli_sql_exception: Unknown column 'nama_pelanggan' in 'field list'
in SYSTEMPATH\Database\MySQLi\Connection.php on line 308.
 1 SYSTEMPATH\Database\MySQLi\Connection.php(308): mysqli->query('UPDATE `kategori` SET `nama_pelanggan` = \'RM. AL BAROKA\', `desa` = \'Boulevard\', `kecamatan` = \'TONDANO BARAT\', `kategori` = \'Rumah Makan Tidak Tetap\', `sub_kategori` = \'RUMAH MAKAN TIDAK TETAP\', `tarif_bulanan` = \'25000\'
WHERE `id` = \'_pelanggan1\'', 0)
 2 SYSTEMPATH\Database\BaseConnection.php(722): CodeIgniter\Database\MySQLi\Connection->execute('UPDATE `kategori` SET `nama_pelanggan` = \'RM. AL BAROKA\', `desa` = \'Boulevard\', `kecamatan` = \'TONDANO BARAT\', `kategori` = \'Rumah Makan Tidak Tetap\', `sub_kategori` = \'RUMAH MAKAN TIDAK TETAP\', `tarif_bulanan` = \'25000\'
WHERE `id` = \'_pelanggan1\'')
 3 SYSTEMPATH\Database\BaseConnection.php(636): CodeIgniter\Database\BaseConnection->simpleQuery('UPDATE `kategori` SET `nama_pelanggan` = \'RM. AL BAROKA\', `desa` = \'Boulevard\', `kecamatan` = \'TONDANO BARAT\', `kategori` = \'Rumah Makan Tidak Tetap\', `sub_kategori` = \'RUMAH MAKAN TIDAK TETAP\', `tarif_bulanan` = \'25000\'
WHERE `id` = \'_pelanggan1\'')
 4 SYSTEMPATH\Database\BaseBuilder.php(2497): CodeIgniter\Database\BaseConnection->query('UPDATE `kategori` SET `nama_pelanggan` = :nama_pelanggan:, `desa` = :desa:, `kecamatan` = :kecamatan:, `kategori` = :kategori:, `sub_kategori` = :sub_kategori:, `tarif_bulanan` = :tarif_bulanan:
WHERE `id` = :id:', [...], false)
 5 APPPATH\Controllers\Admin.php(68): CodeIgniter\Database\BaseBuilder->update([...])
 6 SYSTEMPATH\CodeIgniter.php(933): App\Controllers\Admin->update('_pelanggan1')
 7 SYSTEMPATH\CodeIgniter.php(509): CodeIgniter\CodeIgniter->runController(Object(App\Controllers\Admin))
 8 SYSTEMPATH\CodeIgniter.php(355): CodeIgniter\CodeIgniter->handleRequest(null, Object(Config\Cache), false)
 9 SYSTEMPATH\Boot.php(312): CodeIgniter\CodeIgniter->run()
10 SYSTEMPATH\Boot.php(67): CodeIgniter\Boot::runCodeIgniter(Object(CodeIgniter\CodeIgniter))
11 FCPATH\index.php(56): CodeIgniter\Boot::bootWeb(Object(Config\Paths))
12 SYSTEMPATH\Commands\Server\rewrite.php(49): require_once('C:\\Users\\user\\OneDrive\\Documents\\skripsiiiiiiiiiiiiiii\\retribusi-sampah-master\\public\\index.php')
INFO - 2024-06-07 04:33:05 --> Session: Class initialized using 'CodeIgniter\Session\Handlers\FileHandler' driver.
INFO - 2024-06-07 06:15:12 --> REDIRECTED ROUTE at http://localhost:8080/admin/home_admin
INFO - 2024-06-07 06:45:59 --> REDIRECTED ROUTE at http://localhost:8080/admin/home_admin
INFO - 2024-06-07 08:22:34 --> REDIRECTED ROUTE at http://localhost:8080/admin/home_admin
INFO - 2024-06-07 08:24:16 --> REDIRECTED ROUTE at http://localhost:8080/admin/home_admin
INFO - 2024-06-07 08:25:33 --> REDIRECTED ROUTE at http://localhost:8080/login::index
INFO - 2024-06-07 08:26:18 --> Session: Class initialized using 'CodeIgniter\Session\Handlers\FileHandler' driver.
INFO - 2024-06-07 08:28:02 --> Session: Class initialized using 'CodeIgniter\Session\Handlers\FileHandler' driver.
