INFO - 2025-09-10 00:05:21 --> Session: Class initialized using 'CodeIgniter\Session\Handlers\FileHandler' driver.
INFO - 2025-09-10 00:05:33 --> Session: Class initialized using 'CodeIgniter\Session\Handlers\FileHandler' driver.
INFO - 2025-09-10 00:05:33 --> SMS berhasil disimpan ke database
INFO - 2025-09-10 00:05:33 --> Session: Class initialized using 'CodeIgniter\Session\Handlers\FileHandler' driver.
INFO - 2025-09-10 00:08:05 --> Session: Class initialized using 'CodeIgniter\Session\Handlers\FileHandler' driver.
INFO - 2025-09-10 00:08:32 --> Session: Class initialized using 'CodeIgniter\Session\Handlers\FileHandler' driver.
DEBUG - 2025-09-10 00:08:32 --> Response WebSMS: {"status":"success","message":"Permintaan diproses. Sisa Credit : 709"}
INFO - 2025-09-10 00:08:32 --> SMS berhasil disimpan ke database
INFO - 2025-09-10 00:08:32 --> Session: Class initialized using 'CodeIgniter\Session\Handlers\FileHandler' driver.
INFO - 2025-09-10 00:13:01 --> Session: Class initialized using 'CodeIgniter\Session\Handlers\FileHandler' driver.
INFO - 2025-09-10 00:13:20 --> Session: Class initialized using 'CodeIgniter\Session\Handlers\FileHandler' driver.
INFO - 2025-09-10 00:13:20 --> Riwayat SMS disimpan: {"tujuan":"6289643221363","pesan":"selamat pagi sekali lagi","status":"success","message":"Permintaan diproses. Sisa Credit : 704"}
INFO - 2025-09-10 00:13:20 --> Session: Class initialized using 'CodeIgniter\Session\Handlers\FileHandler' driver.
INFO - 2025-09-10 00:13:39 --> Session: Class initialized using 'CodeIgniter\Session\Handlers\FileHandler' driver.
INFO - 2025-09-10 00:13:39 --> Riwayat SMS disimpan: {"tujuan":"089643221363","pesan":"pagi","status":"success","message":"Permintaan diproses. Sisa Credit : 699"}
INFO - 2025-09-10 00:13:39 --> Session: Class initialized using 'CodeIgniter\Session\Handlers\FileHandler' driver.
INFO - 2025-09-10 00:17:28 --> Session: Class initialized using 'CodeIgniter\Session\Handlers\FileHandler' driver.
INFO - 2025-09-10 00:17:28 --> Riwayat SMS disimpan: {"tujuan":"082188832471","pesan":"toy, ini test sms gateway","status":"success","message":"Permintaan diproses. Sisa Credit : 694"}
INFO - 2025-09-10 00:17:28 --> Session: Class initialized using 'CodeIgniter\Session\Handlers\FileHandler' driver.
INFO - 2025-09-10 02:10:54 --> Session: Class initialized using 'CodeIgniter\Session\Handlers\FileHandler' driver.
INFO - 2025-09-10 02:11:02 --> Session: Class initialized using 'CodeIgniter\Session\Handlers\FileHandler' driver.
INFO - 2025-09-10 02:11:02 --> Session: Class initialized using 'CodeIgniter\Session\Handlers\FileHandler' driver.
INFO - 2025-09-10 02:11:05 --> Session: Class initialized using 'CodeIgniter\Session\Handlers\FileHandler' driver.
INFO - 2025-09-10 02:11:19 --> Session: Class initialized using 'CodeIgniter\Session\Handlers\FileHandler' driver.
INFO - 2025-09-10 02:11:19 --> Riwayat SMS disimpan: {"tujuan":"082188832471","pesan":"Test","status":"success","message":"Permintaan diproses. Sisa Credit : 689"}
INFO - 2025-09-10 02:11:20 --> Session: Class initialized using 'CodeIgniter\Session\Handlers\FileHandler' driver.
INFO - 2025-09-10 02:15:46 --> Session: Class initialized using 'CodeIgniter\Session\Handlers\FileHandler' driver.
INFO - 2025-09-10 02:15:47 --> Riwayat SMS disimpan: {"tujuan":"089643221363","pesan":"Pesan test","status":"success","message":"Permintaan diproses. Sisa Credit : 684"}
INFO - 2025-09-10 02:15:47 --> Session: Class initialized using 'CodeIgniter\Session\Handlers\FileHandler' driver.
INFO - 2025-09-10 02:17:18 --> Session: Class initialized using 'CodeIgniter\Session\Handlers\FileHandler' driver.
INFO - 2025-09-10 02:17:28 --> Session: Class initialized using 'CodeIgniter\Session\Handlers\FileHandler' driver.
INFO - 2025-09-10 02:17:28 --> Riwayat SMS disimpan: {"tujuan":"082188832471","pesan":"tes","status":"success","message":"Permintaan diproses. Sisa Credit : 679"}
INFO - 2025-09-10 02:17:28 --> Session: Class initialized using 'CodeIgniter\Session\Handlers\FileHandler' driver.
INFO - 2025-09-10 21:55:51 --> Session: Class initialized using 'CodeIgniter\Session\Handlers\FileHandler' driver.
