INFO - 2025-03-06 00:03:00 --> Session: Class initialized using 'CodeIgniter\Session\Handlers\FileHandler' driver.
INFO - 2025-03-06 00:08:16 --> Session: Class initialized using 'CodeIgniter\Session\Handlers\FileHandler' driver.
INFO - 2025-03-06 00:11:24 --> Session: Class initialized using 'CodeIgniter\Session\Handlers\FileHandler' driver.
INFO - 2025-03-06 00:12:02 --> Session: Class initialized using 'CodeIgniter\Session\Handlers\FileHandler' driver.
INFO - 2025-03-06 00:24:17 --> Session: Class initialized using 'CodeIgniter\Session\Handlers\FileHandler' driver.
INFO - 2025-03-06 00:57:56 --> Session: Class initialized using 'CodeIgniter\Session\Handlers\FileHandler' driver.
INFO - 2025-03-06 01:55:06 --> Session: Class initialized using 'CodeIgniter\Session\Handlers\FileHandler' driver.
INFO - 2025-03-06 02:03:52 --> Session: Class initialized using 'CodeIgniter\Session\Handlers\FileHandler' driver.
INFO - 2025-03-06 02:04:12 --> Session: Class initialized using 'CodeIgniter\Session\Handlers\FileHandler' driver.
INFO - 2025-03-06 02:05:33 --> Session: Class initialized using 'CodeIgniter\Session\Handlers\FileHandler' driver.
INFO - 2025-03-06 02:09:05 --> Session: Class initialized using 'CodeIgniter\Session\Handlers\FileHandler' driver.
INFO - 2025-03-06 03:37:46 --> Session: Class initialized using 'CodeIgniter\Session\Handlers\FileHandler' driver.
INFO - 2025-03-06 03:58:58 --> Session: Class initialized using 'CodeIgniter\Session\Handlers\FileHandler' driver.
INFO - 2025-03-06 04:12:09 --> Session: Class initialized using 'CodeIgniter\Session\Handlers\FileHandler' driver.
INFO - 2025-03-06 04:16:24 --> Session: Class initialized using 'CodeIgniter\Session\Handlers\FileHandler' driver.
INFO - 2025-03-06 04:16:30 --> Session: Class initialized using 'CodeIgniter\Session\Handlers\FileHandler' driver.
INFO - 2025-03-06 04:16:45 --> Session: Class initialized using 'CodeIgniter\Session\Handlers\FileHandler' driver.
INFO - 2025-03-06 04:33:11 --> Session: Class initialized using 'CodeIgniter\Session\Handlers\FileHandler' driver.
INFO - 2025-03-06 04:33:14 --> Session: Class initialized using 'CodeIgniter\Session\Handlers\FileHandler' driver.
INFO - 2025-03-06 04:34:10 --> Session: Class initialized using 'CodeIgniter\Session\Handlers\FileHandler' driver.
INFO - 2025-03-06 04:34:11 --> Session: Class initialized using 'CodeIgniter\Session\Handlers\FileHandler' driver.
INFO - 2025-03-06 04:57:52 --> Session: Class initialized using 'CodeIgniter\Session\Handlers\FileHandler' driver.
INFO - 2025-03-06 05:19:15 --> Session: Class initialized using 'CodeIgniter\Session\Handlers\FileHandler' driver.
INFO - 2025-03-06 06:20:31 --> Session: Class initialized using 'CodeIgniter\Session\Handlers\FileHandler' driver.
INFO - 2025-03-06 06:20:33 --> Session: Class initialized using 'CodeIgniter\Session\Handlers\FileHandler' driver.
INFO - 2025-03-06 06:20:35 --> Session: Class initialized using 'CodeIgniter\Session\Handlers\FileHandler' driver.
INFO - 2025-03-06 06:20:36 --> Session: Class initialized using 'CodeIgniter\Session\Handlers\FileHandler' driver.
INFO - 2025-03-06 06:20:38 --> Session: Class initialized using 'CodeIgniter\Session\Handlers\FileHandler' driver.
INFO - 2025-03-06 06:20:41 --> Session: Class initialized using 'CodeIgniter\Session\Handlers\FileHandler' driver.
INFO - 2025-03-06 06:20:43 --> Session: Class initialized using 'CodeIgniter\Session\Handlers\FileHandler' driver.
INFO - 2025-03-06 06:20:46 --> Session: Class initialized using 'CodeIgniter\Session\Handlers\FileHandler' driver.
INFO - 2025-03-06 06:20:47 --> Session: Class initialized using 'CodeIgniter\Session\Handlers\FileHandler' driver.
INFO - 2025-03-06 06:20:50 --> Session: Class initialized using 'CodeIgniter\Session\Handlers\FileHandler' driver.
WARNING - 2025-03-06 06:20:52 --> [DEPRECATED] password_hash(): Passing null to parameter #1 ($password) of type string is deprecated in APPPATH/Controllers/Registrasi.php on line 53.
 1 APPPATH/Controllers/Registrasi.php(53): password_hash(null, '2y')
 2 SYSTEMPATH/CodeIgniter.php(933): App\Controllers\Registrasi->registerProcess()
 3 SYSTEMPATH/CodeIgniter.php(509): CodeIgniter\CodeIgniter->runController(Object(App\Controllers\Registrasi))
 4 SYSTEMPATH/CodeIgniter.php(355): CodeIgniter\CodeIgniter->handleRequest(null, Object(Config\Cache), false)
 5 SYSTEMPATH/Boot.php(312): CodeIgniter\CodeIgniter->run()
 6 SYSTEMPATH/Boot.php(67): CodeIgniter\Boot::runCodeIgniter(Object(CodeIgniter\CodeIgniter))
 7 FCPATH/index.php(56): CodeIgniter\Boot::bootWeb(Object(Config\Paths))
ERROR - 2025-03-06 06:20:52 --> mysqli_sql_exception: Column 'nama_lengkap' cannot be null in /home/dlhy2998/retribusi-sampah-master/vendor/codeigniter4/framework/system/Database/MySQLi/Connection.php:308
Stack trace:
#0 /home/dlhy2998/retribusi-sampah-master/vendor/codeigniter4/framework/system/Database/MySQLi/Connection.php(308): mysqli->query()
#1 /home/dlhy2998/retribusi-sampah-master/vendor/codeigniter4/framework/system/Database/BaseConnection.php(722): CodeIgniter\Database\MySQLi\Connection->execute()
#2 /home/dlhy2998/retribusi-sampah-master/vendor/codeigniter4/framework/system/Database/BaseConnection.php(636): CodeIgniter\Database\BaseConnection->simpleQuery()
#3 /home/dlhy2998/retribusi-sampah-master/vendor/codeigniter4/framework/system/Database/BaseBuilder.php(2325): CodeIgniter\Database\BaseConnection->query()
#4 /home/dlhy2998/retribusi-sampah-master/vendor/codeigniter4/framework/system/Model.php(383): CodeIgniter\Database\BaseBuilder->insert()
#5 /home/dlhy2998/retribusi-sampah-master/vendor/codeigniter4/framework/system/BaseModel.php(840): CodeIgniter\Model->doInsert()
#6 /home/dlhy2998/retribusi-sampah-master/vendor/codeigniter4/framework/system/Model.php(791): CodeIgniter\BaseModel->insert()
#7 /home/dlhy2998/retribusi-sampah-master/vendor/codeigniter4/framework/system/BaseModel.php(751): CodeIgniter\Model->insert()
#8 /home/dlhy2998/retribusi-sampah-master/app/Controllers/Registrasi.php(63): CodeIgniter\BaseModel->save()
#9 /home/dlhy2998/retribusi-sampah-master/vendor/codeigniter4/framework/system/CodeIgniter.php(933): App\Controllers\Registrasi->registerProcess()
#10 /home/dlhy2998/retribusi-sampah-master/vendor/codeigniter4/framework/system/CodeIgniter.php(509): CodeIgniter\CodeIgniter->runController()
#11 /home/dlhy2998/retribusi-sampah-master/vendor/codeigniter4/framework/system/CodeIgniter.php(355): CodeIgniter\CodeIgniter->handleRequest()
#12 /home/dlhy2998/retribusi-sampah-master/vendor/codeigniter4/framework/system/Boot.php(312): CodeIgniter\CodeIgniter->run()
#13 /home/dlhy2998/retribusi-sampah-master/vendor/codeigniter4/framework/system/Boot.php(67): CodeIgniter\Boot::runCodeIgniter()
#14 /home/dlhy2998/public_html/index.php(56): CodeIgniter\Boot::bootWeb()
#15 {main}
CRITICAL - 2025-03-06 06:20:52 --> CodeIgniter\Database\Exceptions\DatabaseException: Column 'nama_lengkap' cannot be null
[Method: POST, Route: registrasi/registerProcess]
in SYSTEMPATH/Database/BaseConnection.php on line 676.
 1 SYSTEMPATH/Database/BaseBuilder.php(2325): CodeIgniter\Database\BaseConnection->query()
 2 SYSTEMPATH/Model.php(383): CodeIgniter\Database\BaseBuilder->insert()
 3 SYSTEMPATH/BaseModel.php(840): CodeIgniter\Model->doInsert()
 4 SYSTEMPATH/Model.php(791): CodeIgniter\BaseModel->insert()
 5 SYSTEMPATH/BaseModel.php(751): CodeIgniter\Model->insert()
 6 APPPATH/Controllers/Registrasi.php(63): CodeIgniter\BaseModel->save()
 7 SYSTEMPATH/CodeIgniter.php(933): App\Controllers\Registrasi->registerProcess()
 8 SYSTEMPATH/CodeIgniter.php(509): CodeIgniter\CodeIgniter->runController()
 9 SYSTEMPATH/CodeIgniter.php(355): CodeIgniter\CodeIgniter->handleRequest()
10 SYSTEMPATH/Boot.php(312): CodeIgniter\CodeIgniter->run()
11 SYSTEMPATH/Boot.php(67): CodeIgniter\Boot::runCodeIgniter()
12 FCPATH/index.php(56): CodeIgniter\Boot::bootWeb()
CRITICAL - 2025-03-06 06:20:52 --> [Caused by] CodeIgniter\Database\Exceptions\DatabaseException: Column 'nama_lengkap' cannot be null
in SYSTEMPATH/Database/MySQLi/Connection.php on line 313.
 1 SYSTEMPATH/Database/BaseConnection.php(722): CodeIgniter\Database\MySQLi\Connection->execute()
 2 SYSTEMPATH/Database/BaseConnection.php(636): CodeIgniter\Database\BaseConnection->simpleQuery()
 3 SYSTEMPATH/Database/BaseBuilder.php(2325): CodeIgniter\Database\BaseConnection->query()
 4 SYSTEMPATH/Model.php(383): CodeIgniter\Database\BaseBuilder->insert()
 5 SYSTEMPATH/BaseModel.php(840): CodeIgniter\Model->doInsert()
 6 SYSTEMPATH/Model.php(791): CodeIgniter\BaseModel->insert()
 7 SYSTEMPATH/BaseModel.php(751): CodeIgniter\Model->insert()
 8 APPPATH/Controllers/Registrasi.php(63): CodeIgniter\BaseModel->save()
 9 SYSTEMPATH/CodeIgniter.php(933): App\Controllers\Registrasi->registerProcess()
10 SYSTEMPATH/CodeIgniter.php(509): CodeIgniter\CodeIgniter->runController()
11 SYSTEMPATH/CodeIgniter.php(355): CodeIgniter\CodeIgniter->handleRequest()
12 SYSTEMPATH/Boot.php(312): CodeIgniter\CodeIgniter->run()
13 SYSTEMPATH/Boot.php(67): CodeIgniter\Boot::runCodeIgniter()
14 FCPATH/index.php(56): CodeIgniter\Boot::bootWeb()
CRITICAL - 2025-03-06 06:20:52 --> [Caused by] mysqli_sql_exception: Column 'nama_lengkap' cannot be null
in SYSTEMPATH/Database/MySQLi/Connection.php on line 308.
 1 SYSTEMPATH/Database/MySQLi/Connection.php(308): mysqli->query()
 2 SYSTEMPATH/Database/BaseConnection.php(722): CodeIgniter\Database\MySQLi\Connection->execute()
 3 SYSTEMPATH/Database/BaseConnection.php(636): CodeIgniter\Database\BaseConnection->simpleQuery()
 4 SYSTEMPATH/Database/BaseBuilder.php(2325): CodeIgniter\Database\BaseConnection->query()
 5 SYSTEMPATH/Model.php(383): CodeIgniter\Database\BaseBuilder->insert()
 6 SYSTEMPATH/BaseModel.php(840): CodeIgniter\Model->doInsert()
 7 SYSTEMPATH/Model.php(791): CodeIgniter\BaseModel->insert()
 8 SYSTEMPATH/BaseModel.php(751): CodeIgniter\Model->insert()
 9 APPPATH/Controllers/Registrasi.php(63): CodeIgniter\BaseModel->save()
10 SYSTEMPATH/CodeIgniter.php(933): App\Controllers\Registrasi->registerProcess()
11 SYSTEMPATH/CodeIgniter.php(509): CodeIgniter\CodeIgniter->runController()
12 SYSTEMPATH/CodeIgniter.php(355): CodeIgniter\CodeIgniter->handleRequest()
13 SYSTEMPATH/Boot.php(312): CodeIgniter\CodeIgniter->run()
14 SYSTEMPATH/Boot.php(67): CodeIgniter\Boot::runCodeIgniter()
15 FCPATH/index.php(56): CodeIgniter\Boot::bootWeb()
INFO - 2025-03-06 06:20:53 --> Session: Class initialized using 'CodeIgniter\Session\Handlers\FileHandler' driver.
INFO - 2025-03-06 06:20:55 --> Session: Class initialized using 'CodeIgniter\Session\Handlers\FileHandler' driver.
INFO - 2025-03-06 06:20:57 --> Session: Class initialized using 'CodeIgniter\Session\Handlers\FileHandler' driver.
INFO - 2025-03-06 06:20:59 --> Session: Class initialized using 'CodeIgniter\Session\Handlers\FileHandler' driver.
INFO - 2025-03-06 06:21:02 --> Session: Class initialized using 'CodeIgniter\Session\Handlers\FileHandler' driver.
INFO - 2025-03-06 06:34:07 --> Session: Class initialized using 'CodeIgniter\Session\Handlers\FileHandler' driver.
INFO - 2025-03-06 06:34:22 --> Session: Class initialized using 'CodeIgniter\Session\Handlers\FileHandler' driver.
INFO - 2025-03-06 06:34:23 --> Session: Class initialized using 'CodeIgniter\Session\Handlers\FileHandler' driver.
INFO - 2025-03-06 06:35:03 --> Session: Class initialized using 'CodeIgniter\Session\Handlers\FileHandler' driver.
INFO - 2025-03-06 06:35:23 --> Session: Class initialized using 'CodeIgniter\Session\Handlers\FileHandler' driver.
INFO - 2025-03-06 06:35:47 --> Session: Class initialized using 'CodeIgniter\Session\Handlers\FileHandler' driver.
INFO - 2025-03-06 07:12:14 --> Session: Class initialized using 'CodeIgniter\Session\Handlers\FileHandler' driver.
INFO - 2025-03-06 07:41:26 --> Session: Class initialized using 'CodeIgniter\Session\Handlers\FileHandler' driver.
INFO - 2025-03-06 07:41:26 --> Session: Class initialized using 'CodeIgniter\Session\Handlers\FileHandler' driver.
INFO - 2025-03-06 08:40:32 --> Session: Class initialized using 'CodeIgniter\Session\Handlers\FileHandler' driver.
INFO - 2025-03-06 10:07:48 --> Session: Class initialized using 'CodeIgniter\Session\Handlers\FileHandler' driver.
INFO - 2025-03-06 10:32:46 --> Session: Class initialized using 'CodeIgniter\Session\Handlers\FileHandler' driver.
INFO - 2025-03-06 10:54:19 --> Session: Class initialized using 'CodeIgniter\Session\Handlers\FileHandler' driver.
INFO - 2025-03-06 12:03:16 --> Session: Class initialized using 'CodeIgniter\Session\Handlers\FileHandler' driver.
INFO - 2025-03-06 12:11:18 --> Session: Class initialized using 'CodeIgniter\Session\Handlers\FileHandler' driver.
INFO - 2025-03-06 12:41:09 --> Session: Class initialized using 'CodeIgniter\Session\Handlers\FileHandler' driver.
INFO - 2025-03-06 14:01:38 --> Session: Class initialized using 'CodeIgniter\Session\Handlers\FileHandler' driver.
INFO - 2025-03-06 15:05:31 --> Session: Class initialized using 'CodeIgniter\Session\Handlers\FileHandler' driver.
INFO - 2025-03-06 15:07:49 --> Session: Class initialized using 'CodeIgniter\Session\Handlers\FileHandler' driver.
INFO - 2025-03-06 15:09:30 --> Session: Class initialized using 'CodeIgniter\Session\Handlers\FileHandler' driver.
INFO - 2025-03-06 15:17:55 --> Session: Class initialized using 'CodeIgniter\Session\Handlers\FileHandler' driver.
INFO - 2025-03-06 15:50:22 --> Session: Class initialized using 'CodeIgniter\Session\Handlers\FileHandler' driver.
INFO - 2025-03-06 17:15:09 --> Session: Class initialized using 'CodeIgniter\Session\Handlers\FileHandler' driver.
INFO - 2025-03-06 17:26:53 --> Session: Class initialized using 'CodeIgniter\Session\Handlers\FileHandler' driver.
INFO - 2025-03-06 17:32:59 --> Session: Class initialized using 'CodeIgniter\Session\Handlers\FileHandler' driver.
INFO - 2025-03-06 17:41:12 --> Session: Class initialized using 'CodeIgniter\Session\Handlers\FileHandler' driver.
INFO - 2025-03-06 18:04:19 --> Session: Class initialized using 'CodeIgniter\Session\Handlers\FileHandler' driver.
INFO - 2025-03-06 18:07:13 --> Session: Class initialized using 'CodeIgniter\Session\Handlers\FileHandler' driver.
INFO - 2025-03-06 18:07:31 --> Session: Class initialized using 'CodeIgniter\Session\Handlers\FileHandler' driver.
INFO - 2025-03-06 18:17:52 --> Session: Class initialized using 'CodeIgniter\Session\Handlers\FileHandler' driver.
INFO - 2025-03-06 18:21:51 --> Session: Class initialized using 'CodeIgniter\Session\Handlers\FileHandler' driver.
INFO - 2025-03-06 18:44:43 --> Session: Class initialized using 'CodeIgniter\Session\Handlers\FileHandler' driver.
INFO - 2025-03-06 19:08:40 --> Session: Class initialized using 'CodeIgniter\Session\Handlers\FileHandler' driver.
INFO - 2025-03-06 19:55:39 --> Session: Class initialized using 'CodeIgniter\Session\Handlers\FileHandler' driver.
INFO - 2025-03-06 20:48:47 --> Session: Class initialized using 'CodeIgniter\Session\Handlers\FileHandler' driver.
INFO - 2025-03-06 22:02:19 --> Session: Class initialized using 'CodeIgniter\Session\Handlers\FileHandler' driver.
INFO - 2025-03-06 22:37:04 --> Session: Class initialized using 'CodeIgniter\Session\Handlers\FileHandler' driver.
