INFO - 2024-10-21 06:51:12 --> Session: Class initialized using 'CodeIgniter\Session\Handlers\FileHandler' driver.
ERROR - 2024-10-21 06:53:19 --> Error connecting to the database: mysqli_sql_exception: No connection could be made because the target machine actively refused it in C:\Users\user\OneDrive\Documents\skripsiiiiiiiiiiiiiii\retribusi-sampah-master\vendor\codeigniter4\framework\system\Database\MySQLi\Connection.php:187
Stack trace:
#0 C:\Users\user\OneDrive\Documents\skripsiiiiiiiiiiiiiii\retribusi-sampah-master\vendor\codeigniter4\framework\system\Database\MySQLi\Connection.php(187): mysqli->real_connect('localhost', 'root', '', 'dbretribusi', 3306, '', 0)
#1 C:\Users\user\OneDrive\Documents\skripsiiiiiiiiiiiiiii\retribusi-sampah-master\vendor\codeigniter4\framework\system\Database\BaseConnection.php(421): CodeIgniter\Database\MySQLi\Connection->connect(false)
#2 C:\Users\user\OneDrive\Documents\skripsiiiiiiiiiiiiiii\retribusi-sampah-master\vendor\codeigniter4\framework\system\Database\BaseConnection.php(604): CodeIgniter\Database\BaseConnection->initialize()
#3 C:\Users\user\OneDrive\Documents\skripsiiiiiiiiiiiiiii\retribusi-sampah-master\vendor\codeigniter4\framework\system\Database\BaseBuilder.php(1629): CodeIgniter\Database\BaseConnection->query('SELECT *\nFROM `...', Array, false)
#4 C:\Users\user\OneDrive\Documents\skripsiiiiiiiiiiiiiii\retribusi-sampah-master\vendor\codeigniter4\framework\system\Model.php(319): CodeIgniter\Database\BaseBuilder->get()
#5 C:\Users\user\OneDrive\Documents\skripsiiiiiiiiiiiiiii\retribusi-sampah-master\vendor\codeigniter4\framework\system\BaseModel.php(714): CodeIgniter\Model->doFirst()
#6 C:\Users\user\OneDrive\Documents\skripsiiiiiiiiiiiiiii\retribusi-sampah-master\app\Controllers\Login.php(43): CodeIgniter\BaseModel->first()
#7 C:\Users\user\OneDrive\Documents\skripsiiiiiiiiiiiiiii\retribusi-sampah-master\vendor\codeigniter4\framework\system\CodeIgniter.php(933): App\Controllers\Login->proses_login()
#8 C:\Users\user\OneDrive\Documents\skripsiiiiiiiiiiiiiii\retribusi-sampah-master\vendor\codeigniter4\framework\system\CodeIgniter.php(509): CodeIgniter\CodeIgniter->runController(Object(App\Controllers\Login))
#9 C:\Users\user\OneDrive\Documents\skripsiiiiiiiiiiiiiii\retribusi-sampah-master\vendor\codeigniter4\framework\system\CodeIgniter.php(355): CodeIgniter\CodeIgniter->handleRequest(NULL, Object(Config\Cache), false)
#10 C:\Users\user\OneDrive\Documents\skripsiiiiiiiiiiiiiii\retribusi-sampah-master\vendor\codeigniter4\framework\system\Boot.php(312): CodeIgniter\CodeIgniter->run()
#11 C:\Users\user\OneDrive\Documents\skripsiiiiiiiiiiiiiii\retribusi-sampah-master\vendor\codeigniter4\framework\system\Boot.php(67): CodeIgniter\Boot::runCodeIgniter(Object(CodeIgniter\CodeIgniter))
#12 C:\Users\user\OneDrive\Documents\skripsiiiiiiiiiiiiiii\retribusi-sampah-master\public\index.php(56): CodeIgniter\Boot::bootWeb(Object(Config\Paths))
#13 C:\Users\user\OneDrive\Documents\skripsiiiiiiiiiiiiiii\retribusi-sampah-master\vendor\codeigniter4\framework\system\Commands\Server\rewrite.php(49): require_once('C:\\Users\\user\\O...')
#14 {main}

Next CodeIgniter\Database\Exceptions\DatabaseException: No connection could be made because the target machine actively refused it in C:\Users\user\OneDrive\Documents\skripsiiiiiiiiiiiiiii\retribusi-sampah-master\vendor\codeigniter4\framework\system\Database\MySQLi\Connection.php:231
Stack trace:
#0 C:\Users\user\OneDrive\Documents\skripsiiiiiiiiiiiiiii\retribusi-sampah-master\vendor\codeigniter4\framework\system\Database\BaseConnection.php(421): CodeIgniter\Database\MySQLi\Connection->connect(false)
#1 C:\Users\user\OneDrive\Documents\skripsiiiiiiiiiiiiiii\retribusi-sampah-master\vendor\codeigniter4\framework\system\Database\BaseConnection.php(604): CodeIgniter\Database\BaseConnection->initialize()
#2 C:\Users\user\OneDrive\Documents\skripsiiiiiiiiiiiiiii\retribusi-sampah-master\vendor\codeigniter4\framework\system\Database\BaseBuilder.php(1629): CodeIgniter\Database\BaseConnection->query('SELECT *\nFROM `...', Array, false)
#3 C:\Users\user\OneDrive\Documents\skripsiiiiiiiiiiiiiii\retribusi-sampah-master\vendor\codeigniter4\framework\system\Model.php(319): CodeIgniter\Database\BaseBuilder->get()
#4 C:\Users\user\OneDrive\Documents\skripsiiiiiiiiiiiiiii\retribusi-sampah-master\vendor\codeigniter4\framework\system\BaseModel.php(714): CodeIgniter\Model->doFirst()
#5 C:\Users\user\OneDrive\Documents\skripsiiiiiiiiiiiiiii\retribusi-sampah-master\app\Controllers\Login.php(43): CodeIgniter\BaseModel->first()
#6 C:\Users\user\OneDrive\Documents\skripsiiiiiiiiiiiiiii\retribusi-sampah-master\vendor\codeigniter4\framework\system\CodeIgniter.php(933): App\Controllers\Login->proses_login()
#7 C:\Users\user\OneDrive\Documents\skripsiiiiiiiiiiiiiii\retribusi-sampah-master\vendor\codeigniter4\framework\system\CodeIgniter.php(509): CodeIgniter\CodeIgniter->runController(Object(App\Controllers\Login))
#8 C:\Users\user\OneDrive\Documents\skripsiiiiiiiiiiiiiii\retribusi-sampah-master\vendor\codeigniter4\framework\system\CodeIgniter.php(355): CodeIgniter\CodeIgniter->handleRequest(NULL, Object(Config\Cache), false)
#9 C:\Users\user\OneDrive\Documents\skripsiiiiiiiiiiiiiii\retribusi-sampah-master\vendor\codeigniter4\framework\system\Boot.php(312): CodeIgniter\CodeIgniter->run()
#10 C:\Users\user\OneDrive\Documents\skripsiiiiiiiiiiiiiii\retribusi-sampah-master\vendor\codeigniter4\framework\system\Boot.php(67): CodeIgniter\Boot::runCodeIgniter(Object(CodeIgniter\CodeIgniter))
#11 C:\Users\user\OneDrive\Documents\skripsiiiiiiiiiiiiiii\retribusi-sampah-master\public\index.php(56): CodeIgniter\Boot::bootWeb(Object(Config\Paths))
#12 C:\Users\user\OneDrive\Documents\skripsiiiiiiiiiiiiiii\retribusi-sampah-master\vendor\codeigniter4\framework\system\Commands\Server\rewrite.php(49): require_once('C:\\Users\\user\\O...')
#13 {main}
CRITICAL - 2024-10-21 06:53:19 --> CodeIgniter\Database\Exceptions\DatabaseException: Unable to connect to the database.
Main connection [MySQLi]: No connection could be made because the target machine actively refused it
[Method: POST, Route: login/proses_login]
in SYSTEMPATH\Database\BaseConnection.php on line 457.
 1 SYSTEMPATH\Database\BaseConnection.php(604): CodeIgniter\Database\BaseConnection->initialize()
 2 SYSTEMPATH\Database\BaseBuilder.php(1629): CodeIgniter\Database\BaseConnection->query('SELECT *
FROM `users`
WHERE `email` = :email:
 LIMIT 1', [...], false)
 3 SYSTEMPATH\Model.php(319): CodeIgniter\Database\BaseBuilder->get()
 4 SYSTEMPATH\BaseModel.php(714): CodeIgniter\Model->doFirst()
 5 APPPATH\Controllers\Login.php(43): CodeIgniter\BaseModel->first()
 6 SYSTEMPATH\CodeIgniter.php(933): App\Controllers\Login->proses_login()
 7 SYSTEMPATH\CodeIgniter.php(509): CodeIgniter\CodeIgniter->runController(Object(App\Controllers\Login))
 8 SYSTEMPATH\CodeIgniter.php(355): CodeIgniter\CodeIgniter->handleRequest(null, Object(Config\Cache), false)
 9 SYSTEMPATH\Boot.php(312): CodeIgniter\CodeIgniter->run()
10 SYSTEMPATH\Boot.php(67): CodeIgniter\Boot::runCodeIgniter(Object(CodeIgniter\CodeIgniter))
11 FCPATH\index.php(56): CodeIgniter\Boot::bootWeb(Object(Config\Paths))
12 SYSTEMPATH\Commands\Server\rewrite.php(49): require_once('C:\\Users\\user\\OneDrive\\Documents\\skripsiiiiiiiiiiiiiii\\retribusi-sampah-master\\public\\index.php')
INFO - 2024-10-21 06:54:41 --> Session: Class initialized using 'CodeIgniter\Session\Handlers\FileHandler' driver.
INFO - 2024-10-21 06:54:42 --> Session: Class initialized using 'CodeIgniter\Session\Handlers\FileHandler' driver.
INFO - 2024-10-21 06:54:46 --> Session: Class initialized using 'CodeIgniter\Session\Handlers\FileHandler' driver.
INFO - 2024-10-21 07:25:43 --> Session: Class initialized using 'CodeIgniter\Session\Handlers\FileHandler' driver.
INFO - 2024-10-21 07:26:45 --> Session: Class initialized using 'CodeIgniter\Session\Handlers\FileHandler' driver.
INFO - 2024-10-21 07:27:51 --> Session: Class initialized using 'CodeIgniter\Session\Handlers\FileHandler' driver.
INFO - 2024-10-21 07:29:00 --> Session: Class initialized using 'CodeIgniter\Session\Handlers\FileHandler' driver.
INFO - 2024-10-21 07:29:35 --> Session: Class initialized using 'CodeIgniter\Session\Handlers\FileHandler' driver.
INFO - 2024-10-21 07:31:08 --> Session: Class initialized using 'CodeIgniter\Session\Handlers\FileHandler' driver.
INFO - 2024-10-21 07:39:01 --> Session: Class initialized using 'CodeIgniter\Session\Handlers\FileHandler' driver.
INFO - 2024-10-21 07:43:10 --> Session: Class initialized using 'CodeIgniter\Session\Handlers\FileHandler' driver.
INFO - 2024-10-21 07:43:54 --> Session: Class initialized using 'CodeIgniter\Session\Handlers\FileHandler' driver.
INFO - 2024-10-21 07:48:03 --> Session: Class initialized using 'CodeIgniter\Session\Handlers\FileHandler' driver.
INFO - 2024-10-21 07:48:26 --> Session: Class initialized using 'CodeIgniter\Session\Handlers\FileHandler' driver.
INFO - 2024-10-21 07:50:56 --> Session: Class initialized using 'CodeIgniter\Session\Handlers\FileHandler' driver.
INFO - 2024-10-21 07:51:12 --> Session: Class initialized using 'CodeIgniter\Session\Handlers\FileHandler' driver.
INFO - 2024-10-21 07:54:27 --> Session: Class initialized using 'CodeIgniter\Session\Handlers\FileHandler' driver.
INFO - 2024-10-21 07:56:22 --> Session: Class initialized using 'CodeIgniter\Session\Handlers\FileHandler' driver.
INFO - 2024-10-21 07:58:25 --> Session: Class initialized using 'CodeIgniter\Session\Handlers\FileHandler' driver.
INFO - 2024-10-21 08:00:35 --> Session: Class initialized using 'CodeIgniter\Session\Handlers\FileHandler' driver.
INFO - 2024-10-21 08:01:00 --> Session: Class initialized using 'CodeIgniter\Session\Handlers\FileHandler' driver.
INFO - 2024-10-21 08:01:10 --> Session: Class initialized using 'CodeIgniter\Session\Handlers\FileHandler' driver.
INFO - 2024-10-21 08:16:22 --> Session: Class initialized using 'CodeIgniter\Session\Handlers\FileHandler' driver.
INFO - 2024-10-21 08:19:12 --> Session: Class initialized using 'CodeIgniter\Session\Handlers\FileHandler' driver.
INFO - 2024-10-21 08:20:13 --> Session: Class initialized using 'CodeIgniter\Session\Handlers\FileHandler' driver.
INFO - 2024-10-21 08:20:15 --> Session: Class initialized using 'CodeIgniter\Session\Handlers\FileHandler' driver.
INFO - 2024-10-21 08:20:15 --> Session: Class initialized using 'CodeIgniter\Session\Handlers\FileHandler' driver.
INFO - 2024-10-21 08:20:32 --> Session: Class initialized using 'CodeIgniter\Session\Handlers\FileHandler' driver.
INFO - 2024-10-21 08:20:32 --> Session: Class initialized using 'CodeIgniter\Session\Handlers\FileHandler' driver.
INFO - 2024-10-21 08:22:06 --> Session: Class initialized using 'CodeIgniter\Session\Handlers\FileHandler' driver.
INFO - 2024-10-21 08:55:24 --> Session: Class initialized using 'CodeIgniter\Session\Handlers\FileHandler' driver.
INFO - 2024-10-21 09:00:27 --> Session: Class initialized using 'CodeIgniter\Session\Handlers\FileHandler' driver.
INFO - 2024-10-21 09:05:25 --> Session: Class initialized using 'CodeIgniter\Session\Handlers\FileHandler' driver.
INFO - 2024-10-21 09:07:52 --> Session: Class initialized using 'CodeIgniter\Session\Handlers\FileHandler' driver.
