ERROR - 2025-02-16 17:53:49 --> mysqli_sql_exception: Table 'dlhy2998_dbretribusi.pelanggan' doesn't exist in /home/dlhy2998/retribusi-sampah-master/vendor/codeigniter4/framework/system/Database/MySQLi/Connection.php:308
Stack trace:
#0 /home/dlhy2998/retribusi-sampah-master/vendor/codeigniter4/framework/system/Database/MySQLi/Connection.php(308): mysqli->query()
#1 /home/dlhy2998/retribusi-sampah-master/vendor/codeigniter4/framework/system/Database/BaseConnection.php(722): CodeIgniter\Database\MySQLi\Connection->execute()
#2 /home/dlhy2998/retribusi-sampah-master/vendor/codeigniter4/framework/system/Database/BaseConnection.php(636): CodeIgniter\Database\BaseConnection->simpleQuery()
#3 /home/dlhy2998/retribusi-sampah-master/vendor/codeigniter4/framework/system/Database/BaseBuilder.php(1767): CodeIgniter\Database\BaseConnection->query()
#4 /home/dlhy2998/retribusi-sampah-master/app/Controllers/Petugas.php(54): CodeIgniter\Database\BaseBuilder->getWhere()
#5 /home/dlhy2998/retribusi-sampah-master/vendor/codeigniter4/framework/system/CodeIgniter.php(933): App\Controllers\Petugas->addBukti()
#6 /home/dlhy2998/retribusi-sampah-master/vendor/codeigniter4/framework/system/CodeIgniter.php(509): CodeIgniter\CodeIgniter->runController()
#7 /home/dlhy2998/retribusi-sampah-master/vendor/codeigniter4/framework/system/CodeIgniter.php(355): CodeIgniter\CodeIgniter->handleRequest()
#8 /home/dlhy2998/retribusi-sampah-master/vendor/codeigniter4/framework/system/Boot.php(312): CodeIgniter\CodeIgniter->run()
#9 /home/dlhy2998/retribusi-sampah-master/vendor/codeigniter4/framework/system/Boot.php(67): CodeIgniter\Boot::runCodeIgniter()
#10 /home/dlhy2998/public_html/index.php(56): CodeIgniter\Boot::bootWeb()
#11 {main}
CRITICAL - 2025-02-16 17:53:49 --> CodeIgniter\Database\Exceptions\DatabaseException: Table 'dlhy2998_dbretribusi.pelanggan' doesn't exist
[Method: GET, Route: petugas/addbukti/72]
in SYSTEMPATH/Database/BaseConnection.php on line 676.
 1 SYSTEMPATH/Database/BaseBuilder.php(1767): CodeIgniter\Database\BaseConnection->query()
 2 APPPATH/Controllers/Petugas.php(54): CodeIgniter\Database\BaseBuilder->getWhere()
 3 SYSTEMPATH/CodeIgniter.php(933): App\Controllers\Petugas->addBukti()
 4 SYSTEMPATH/CodeIgniter.php(509): CodeIgniter\CodeIgniter->runController()
 5 SYSTEMPATH/CodeIgniter.php(355): CodeIgniter\CodeIgniter->handleRequest()
 6 SYSTEMPATH/Boot.php(312): CodeIgniter\CodeIgniter->run()
 7 SYSTEMPATH/Boot.php(67): CodeIgniter\Boot::runCodeIgniter()
 8 FCPATH/index.php(56): CodeIgniter\Boot::bootWeb()
CRITICAL - 2025-02-16 17:53:49 --> [Caused by] CodeIgniter\Database\Exceptions\DatabaseException: Table 'dlhy2998_dbretribusi.pelanggan' doesn't exist
in SYSTEMPATH/Database/MySQLi/Connection.php on line 313.
 1 SYSTEMPATH/Database/BaseConnection.php(722): CodeIgniter\Database\MySQLi\Connection->execute()
 2 SYSTEMPATH/Database/BaseConnection.php(636): CodeIgniter\Database\BaseConnection->simpleQuery()
 3 SYSTEMPATH/Database/BaseBuilder.php(1767): CodeIgniter\Database\BaseConnection->query()
 4 APPPATH/Controllers/Petugas.php(54): CodeIgniter\Database\BaseBuilder->getWhere()
 5 SYSTEMPATH/CodeIgniter.php(933): App\Controllers\Petugas->addBukti()
 6 SYSTEMPATH/CodeIgniter.php(509): CodeIgniter\CodeIgniter->runController()
 7 SYSTEMPATH/CodeIgniter.php(355): CodeIgniter\CodeIgniter->handleRequest()
 8 SYSTEMPATH/Boot.php(312): CodeIgniter\CodeIgniter->run()
 9 SYSTEMPATH/Boot.php(67): CodeIgniter\Boot::runCodeIgniter()
10 FCPATH/index.php(56): CodeIgniter\Boot::bootWeb()
CRITICAL - 2025-02-16 17:53:49 --> [Caused by] mysqli_sql_exception: Table 'dlhy2998_dbretribusi.pelanggan' doesn't exist
in SYSTEMPATH/Database/MySQLi/Connection.php on line 308.
 1 SYSTEMPATH/Database/MySQLi/Connection.php(308): mysqli->query()
 2 SYSTEMPATH/Database/BaseConnection.php(722): CodeIgniter\Database\MySQLi\Connection->execute()
 3 SYSTEMPATH/Database/BaseConnection.php(636): CodeIgniter\Database\BaseConnection->simpleQuery()
 4 SYSTEMPATH/Database/BaseBuilder.php(1767): CodeIgniter\Database\BaseConnection->query()
 5 APPPATH/Controllers/Petugas.php(54): CodeIgniter\Database\BaseBuilder->getWhere()
 6 SYSTEMPATH/CodeIgniter.php(933): App\Controllers\Petugas->addBukti()
 7 SYSTEMPATH/CodeIgniter.php(509): CodeIgniter\CodeIgniter->runController()
 8 SYSTEMPATH/CodeIgniter.php(355): CodeIgniter\CodeIgniter->handleRequest()
 9 SYSTEMPATH/Boot.php(312): CodeIgniter\CodeIgniter->run()
10 SYSTEMPATH/Boot.php(67): CodeIgniter\Boot::runCodeIgniter()
11 FCPATH/index.php(56): CodeIgniter\Boot::bootWeb()
ERROR - 2025-02-16 17:53:58 --> mysqli_sql_exception: Table 'dlhy2998_dbretribusi.pelanggan' doesn't exist in /home/dlhy2998/retribusi-sampah-master/vendor/codeigniter4/framework/system/Database/MySQLi/Connection.php:308
Stack trace:
#0 /home/dlhy2998/retribusi-sampah-master/vendor/codeigniter4/framework/system/Database/MySQLi/Connection.php(308): mysqli->query()
#1 /home/dlhy2998/retribusi-sampah-master/vendor/codeigniter4/framework/system/Database/BaseConnection.php(722): CodeIgniter\Database\MySQLi\Connection->execute()
#2 /home/dlhy2998/retribusi-sampah-master/vendor/codeigniter4/framework/system/Database/BaseConnection.php(636): CodeIgniter\Database\BaseConnection->simpleQuery()
#3 /home/dlhy2998/retribusi-sampah-master/vendor/codeigniter4/framework/system/Database/BaseBuilder.php(1767): CodeIgniter\Database\BaseConnection->query()
#4 /home/dlhy2998/retribusi-sampah-master/app/Controllers/Petugas.php(54): CodeIgniter\Database\BaseBuilder->getWhere()
#5 /home/dlhy2998/retribusi-sampah-master/vendor/codeigniter4/framework/system/CodeIgniter.php(933): App\Controllers\Petugas->addBukti()
#6 /home/dlhy2998/retribusi-sampah-master/vendor/codeigniter4/framework/system/CodeIgniter.php(509): CodeIgniter\CodeIgniter->runController()
#7 /home/dlhy2998/retribusi-sampah-master/vendor/codeigniter4/framework/system/CodeIgniter.php(355): CodeIgniter\CodeIgniter->handleRequest()
#8 /home/dlhy2998/retribusi-sampah-master/vendor/codeigniter4/framework/system/Boot.php(312): CodeIgniter\CodeIgniter->run()
#9 /home/dlhy2998/retribusi-sampah-master/vendor/codeigniter4/framework/system/Boot.php(67): CodeIgniter\Boot::runCodeIgniter()
#10 /home/dlhy2998/public_html/index.php(56): CodeIgniter\Boot::bootWeb()
#11 {main}
CRITICAL - 2025-02-16 17:53:58 --> CodeIgniter\Database\Exceptions\DatabaseException: Table 'dlhy2998_dbretribusi.pelanggan' doesn't exist
[Method: GET, Route: petugas/addbukti/125]
in SYSTEMPATH/Database/BaseConnection.php on line 676.
 1 SYSTEMPATH/Database/BaseBuilder.php(1767): CodeIgniter\Database\BaseConnection->query()
 2 APPPATH/Controllers/Petugas.php(54): CodeIgniter\Database\BaseBuilder->getWhere()
 3 SYSTEMPATH/CodeIgniter.php(933): App\Controllers\Petugas->addBukti()
 4 SYSTEMPATH/CodeIgniter.php(509): CodeIgniter\CodeIgniter->runController()
 5 SYSTEMPATH/CodeIgniter.php(355): CodeIgniter\CodeIgniter->handleRequest()
 6 SYSTEMPATH/Boot.php(312): CodeIgniter\CodeIgniter->run()
 7 SYSTEMPATH/Boot.php(67): CodeIgniter\Boot::runCodeIgniter()
 8 FCPATH/index.php(56): CodeIgniter\Boot::bootWeb()
CRITICAL - 2025-02-16 17:53:58 --> [Caused by] CodeIgniter\Database\Exceptions\DatabaseException: Table 'dlhy2998_dbretribusi.pelanggan' doesn't exist
in SYSTEMPATH/Database/MySQLi/Connection.php on line 313.
 1 SYSTEMPATH/Database/BaseConnection.php(722): CodeIgniter\Database\MySQLi\Connection->execute()
 2 SYSTEMPATH/Database/BaseConnection.php(636): CodeIgniter\Database\BaseConnection->simpleQuery()
 3 SYSTEMPATH/Database/BaseBuilder.php(1767): CodeIgniter\Database\BaseConnection->query()
 4 APPPATH/Controllers/Petugas.php(54): CodeIgniter\Database\BaseBuilder->getWhere()
 5 SYSTEMPATH/CodeIgniter.php(933): App\Controllers\Petugas->addBukti()
 6 SYSTEMPATH/CodeIgniter.php(509): CodeIgniter\CodeIgniter->runController()
 7 SYSTEMPATH/CodeIgniter.php(355): CodeIgniter\CodeIgniter->handleRequest()
 8 SYSTEMPATH/Boot.php(312): CodeIgniter\CodeIgniter->run()
 9 SYSTEMPATH/Boot.php(67): CodeIgniter\Boot::runCodeIgniter()
10 FCPATH/index.php(56): CodeIgniter\Boot::bootWeb()
CRITICAL - 2025-02-16 17:53:58 --> [Caused by] mysqli_sql_exception: Table 'dlhy2998_dbretribusi.pelanggan' doesn't exist
in SYSTEMPATH/Database/MySQLi/Connection.php on line 308.
 1 SYSTEMPATH/Database/MySQLi/Connection.php(308): mysqli->query()
 2 SYSTEMPATH/Database/BaseConnection.php(722): CodeIgniter\Database\MySQLi\Connection->execute()
 3 SYSTEMPATH/Database/BaseConnection.php(636): CodeIgniter\Database\BaseConnection->simpleQuery()
 4 SYSTEMPATH/Database/BaseBuilder.php(1767): CodeIgniter\Database\BaseConnection->query()
 5 APPPATH/Controllers/Petugas.php(54): CodeIgniter\Database\BaseBuilder->getWhere()
 6 SYSTEMPATH/CodeIgniter.php(933): App\Controllers\Petugas->addBukti()
 7 SYSTEMPATH/CodeIgniter.php(509): CodeIgniter\CodeIgniter->runController()
 8 SYSTEMPATH/CodeIgniter.php(355): CodeIgniter\CodeIgniter->handleRequest()
 9 SYSTEMPATH/Boot.php(312): CodeIgniter\CodeIgniter->run()
10 SYSTEMPATH/Boot.php(67): CodeIgniter\Boot::runCodeIgniter()
11 FCPATH/index.php(56): CodeIgniter\Boot::bootWeb()
