INFO - 2025-11-25 01:55:52 --> Session: Class initialized using 'CodeIgniter\Session\Handlers\FileHandler' driver.
INFO - 2025-11-25 07:03:26 --> Session: Class initialized using 'CodeIgniter\Session\Handlers\FileHandler' driver.
INFO - 2025-11-25 12:24:38 --> Session: Class initialized using 'CodeIgniter\Session\Handlers\FileHandler' driver.
INFO - 2025-11-25 12:24:47 --> Session: Class initialized using 'CodeIgniter\Session\Handlers\FileHandler' driver.
INFO - 2025-11-25 12:24:47 --> Session: Class initialized using 'CodeIgniter\Session\Handlers\FileHandler' driver.
INFO - 2025-11-25 12:24:53 --> Session: Class initialized using 'CodeIgniter\Session\Handlers\FileHandler' driver.
INFO - 2025-11-25 12:24:53 --> Session: Class initialized using 'CodeIgniter\Session\Handlers\FileHandler' driver.
INFO - 2025-11-25 12:25:02 --> Session: Class initialized using 'CodeIgniter\Session\Handlers\FileHandler' driver.
INFO - 2025-11-25 12:25:50 --> Session: Class initialized using 'CodeIgniter\Session\Handlers\FileHandler' driver.
DEBUG - 2025-11-25 12:25:51 --> API Response: {"status":"success","message":"Permintaan diproses. Sisa Credit : 124"}
DEBUG - 2025-11-25 12:25:51 --> Status SMS: success
INFO - 2025-11-25 12:25:51 --> Riwayat SMS disimpan: {"tujuan":"082188832471","pesan":"[ Ini pesan dari Dinas Lingkungan Hidup Kab. Minahasa ] Terkait dengan iuran sampah, hari ini anda sudah memasuki masa pembayaran. Jangan lupa untuk membayar tagihan retribusi sampah anda! Terima kasih","status":"success","message":"Permintaan diproses. Sisa Credit : 124"}
INFO - 2025-11-25 12:25:51 --> Session: Class initialized using 'CodeIgniter\Session\Handlers\FileHandler' driver.
INFO - 2025-11-25 12:37:40 --> Session: Class initialized using 'CodeIgniter\Session\Handlers\FileHandler' driver.
INFO - 2025-11-25 12:40:51 --> Session: Class initialized using 'CodeIgniter\Session\Handlers\FileHandler' driver.
INFO - 2025-11-25 12:41:04 --> Session: Class initialized using 'CodeIgniter\Session\Handlers\FileHandler' driver.
DEBUG - 2025-11-25 12:41:04 --> API Response: {"status":"success","message":"Permintaan diproses. Sisa Credit : 89"}
DEBUG - 2025-11-25 12:41:04 --> Status SMS: success
INFO - 2025-11-25 12:41:04 --> Riwayat SMS disimpan: {"tujuan":"082188832471","pesan":"[ Ini pesan dari Dinas Lingkungan Hidup Kab. Minahasa ] Terkait dengan iuran sampah, hari ini anda sudah memasuki masa pembayaran. Jangan lupa untuk membayar tagihan retribusi sampah anda! Terima kasih","status":"success","message":"Permintaan diproses. Sisa Credit : 89"}
INFO - 2025-11-25 12:41:04 --> Session: Class initialized using 'CodeIgniter\Session\Handlers\FileHandler' driver.
INFO - 2025-11-25 12:41:13 --> Session: Class initialized using 'CodeIgniter\Session\Handlers\FileHandler' driver.
INFO - 2025-11-25 13:22:50 --> Session: Class initialized using 'CodeIgniter\Session\Handlers\FileHandler' driver.
INFO - 2025-11-25 13:23:12 --> Session: Class initialized using 'CodeIgniter\Session\Handlers\FileHandler' driver.
DEBUG - 2025-11-25 13:23:13 --> API Response: {"status":"success","message":"Permintaan diproses. Sisa Credit : 84"}
DEBUG - 2025-11-25 13:23:13 --> Status SMS: success
INFO - 2025-11-25 13:23:13 --> Riwayat SMS disimpan: {"tujuan":"089643221363","pesan":"Pesan pemberitahuan! Anda memasuki tanggal untuk membayar iuran retribusi sampah. Terima kasih","status":"success","message":"Permintaan diproses. Sisa Credit : 84"}
INFO - 2025-11-25 13:23:13 --> Session: Class initialized using 'CodeIgniter\Session\Handlers\FileHandler' driver.
INFO - 2025-11-25 13:23:32 --> Session: Class initialized using 'CodeIgniter\Session\Handlers\FileHandler' driver.
INFO - 2025-11-25 13:23:34 --> Session: Class initialized using 'CodeIgniter\Session\Handlers\FileHandler' driver.
INFO - 2025-11-25 13:23:40 --> Session: Class initialized using 'CodeIgniter\Session\Handlers\FileHandler' driver.
INFO - 2025-11-25 13:23:44 --> Session: Class initialized using 'CodeIgniter\Session\Handlers\FileHandler' driver.
INFO - 2025-11-25 13:23:51 --> Session: Class initialized using 'CodeIgniter\Session\Handlers\FileHandler' driver.
INFO - 2025-11-25 13:32:43 --> Session: Class initialized using 'CodeIgniter\Session\Handlers\FileHandler' driver.
INFO - 2025-11-25 13:41:35 --> Session: Class initialized using 'CodeIgniter\Session\Handlers\FileHandler' driver.
